CRITICAL - 2024-03-19 15:03:35 --> RedisException: Connection refused
in SYSTEMPATH/Session/Handlers/RedisHandler.php on line 130.
 1 SYSTEMPATH/Session/Handlers/RedisHandler.php(130): Redis->connect('tcp://localhost', '9999', 0.0)
 2 [internal function]: CodeIgniter\Session\Handlers\RedisHandler->open('tcp://localhost:9999', 'ci_session')
 3 SYSTEMPATH/Session/Session.php(919): session_start()
 4 SYSTEMPATH/Session/Session.php(241): CodeIgniter\Session\Session->startSession()
 5 SYSTEMPATH/Config/Services.php(693): CodeIgniter\Session\Session->start()
 6 SYSTEMPATH/Config/BaseService.php(258): CodeIgniter\Config\Services::session(Object(Config\Session), false)
 7 SYSTEMPATH/Config/BaseService.php(199): CodeIgniter\Config\BaseService::__callStatic('session', [...])
 8 SYSTEMPATH/Config/Services.php(664): CodeIgniter\Config\BaseService::getSharedInstance('session', null)
 9 SYSTEMPATH/Config/BaseService.php(258): CodeIgniter\Config\Services::session()
10 APPPATH/Config/Routes.php(5): CodeIgniter\Config\BaseService::__callStatic('session', [])
11 SYSTEMPATH/Router/RouteCollection.php(345): require('/Users/sempakkoyak/www/poster/admin/app/Config/Routes.php')
12 SYSTEMPATH/CodeIgniter.php(810): CodeIgniter\Router\RouteCollection->loadRoutes()
13 SYSTEMPATH/CodeIgniter.php(450): CodeIgniter\CodeIgniter->tryToRouteIt(null)
14 SYSTEMPATH/CodeIgniter.php(361): CodeIgniter\CodeIgniter->handleRequest(null, Object(Config\Cache), false)
15 FCPATH/index.php(81): CodeIgniter\CodeIgniter->run()
16 SYSTEMPATH/Commands/Server/rewrite.php(47): require_once('/Users/sempakkoyak/www/poster/admin/public/index.php')
CRITICAL - 2024-03-19 15:03:42 --> RedisException: Connection refused
in SYSTEMPATH/Session/Handlers/RedisHandler.php on line 130.
 1 SYSTEMPATH/Session/Handlers/RedisHandler.php(130): Redis->connect('tcp://localhost', '9999', 0.0)
 2 [internal function]: CodeIgniter\Session\Handlers\RedisHandler->open('tcp://localhost:9999', 'ci_session')
 3 SYSTEMPATH/Session/Session.php(919): session_start()
 4 SYSTEMPATH/Session/Session.php(241): CodeIgniter\Session\Session->startSession()
 5 SYSTEMPATH/Config/Services.php(693): CodeIgniter\Session\Session->start()
 6 SYSTEMPATH/Config/BaseService.php(258): CodeIgniter\Config\Services::session(Object(Config\Session), false)
 7 SYSTEMPATH/Config/BaseService.php(199): CodeIgniter\Config\BaseService::__callStatic('session', [...])
 8 SYSTEMPATH/Config/Services.php(664): CodeIgniter\Config\BaseService::getSharedInstance('session', null)
 9 SYSTEMPATH/Config/BaseService.php(258): CodeIgniter\Config\Services::session()
10 APPPATH/Config/Routes.php(5): CodeIgniter\Config\BaseService::__callStatic('session', [])
11 SYSTEMPATH/Router/RouteCollection.php(345): require('/Users/sempakkoyak/www/poster/admin/app/Config/Routes.php')
12 SYSTEMPATH/CodeIgniter.php(810): CodeIgniter\Router\RouteCollection->loadRoutes()
13 SYSTEMPATH/CodeIgniter.php(450): CodeIgniter\CodeIgniter->tryToRouteIt(null)
14 SYSTEMPATH/CodeIgniter.php(361): CodeIgniter\CodeIgniter->handleRequest(null, Object(Config\Cache), false)
15 FCPATH/index.php(81): CodeIgniter\CodeIgniter->run()
16 SYSTEMPATH/Commands/Server/rewrite.php(47): require_once('/Users/sempakkoyak/www/poster/admin/public/index.php')
INFO - 2024-03-19 15:04:11 --> Session: Class initialized using 'CodeIgniter\Session\Handlers\RedisHandler' driver.
INFO - 2024-03-19 15:04:16 --> Session: Class initialized using 'CodeIgniter\Session\Handlers\RedisHandler' driver.
INFO - 2024-03-19 15:04:30 --> Session: Class initialized using 'CodeIgniter\Session\Handlers\RedisHandler' driver.
INFO - 2024-03-19 15:05:23 --> Session: Class initialized using 'CodeIgniter\Session\Handlers\RedisHandler' driver.
INFO - 2024-03-19 15:05:56 --> Session: Class initialized using 'CodeIgniter\Session\Handlers\RedisHandler' driver.
INFO - 2024-03-19 15:06:00 --> Session: Class initialized using 'CodeIgniter\Session\Handlers\RedisHandler' driver.
INFO - 2024-03-19 15:06:10 --> Session: Class initialized using 'CodeIgniter\Session\Handlers\RedisHandler' driver.
INFO - 2024-03-19 15:07:45 --> Session: Class initialized using 'CodeIgniter\Session\Handlers\RedisHandler' driver.
INFO - 2024-03-19 15:07:51 --> Session: Class initialized using 'CodeIgniter\Session\Handlers\RedisHandler' driver.
INFO - 2024-03-19 15:07:58 --> Session: Class initialized using 'CodeIgniter\Session\Handlers\RedisHandler' driver.
INFO - 2024-03-19 15:08:28 --> Session: Class initialized using 'CodeIgniter\Session\Handlers\RedisHandler' driver.
INFO - 2024-03-19 15:08:39 --> Session: Class initialized using 'CodeIgniter\Session\Handlers\RedisHandler' driver.
INFO - 2024-03-19 15:08:46 --> Session: Class initialized using 'CodeIgniter\Session\Handlers\RedisHandler' driver.
INFO - 2024-03-19 15:09:01 --> Session: Class initialized using 'CodeIgniter\Session\Handlers\RedisHandler' driver.
INFO - 2024-03-19 15:09:09 --> Session: Class initialized using 'CodeIgniter\Session\Handlers\RedisHandler' driver.
INFO - 2024-03-19 15:09:14 --> Session: Class initialized using 'CodeIgniter\Session\Handlers\RedisHandler' driver.
INFO - 2024-03-19 15:11:10 --> Session: Class initialized using 'CodeIgniter\Session\Handlers\RedisHandler' driver.
INFO - 2024-03-19 15:11:25 --> Session: Class initialized using 'CodeIgniter\Session\Handlers\RedisHandler' driver.
INFO - 2024-03-19 15:11:30 --> Session: Class initialized using 'CodeIgniter\Session\Handlers\RedisHandler' driver.
INFO - 2024-03-19 15:11:34 --> Session: Class initialized using 'CodeIgniter\Session\Handlers\RedisHandler' driver.
INFO - 2024-03-19 15:11:38 --> Session: Class initialized using 'CodeIgniter\Session\Handlers\RedisHandler' driver.
INFO - 2024-03-19 15:11:56 --> Session: Class initialized using 'CodeIgniter\Session\Handlers\RedisHandler' driver.
INFO - 2024-03-19 15:12:02 --> Session: Class initialized using 'CodeIgniter\Session\Handlers\RedisHandler' driver.
INFO - 2024-03-19 15:12:14 --> Session: Class initialized using 'CodeIgniter\Session\Handlers\RedisHandler' driver.
INFO - 2024-03-19 15:12:38 --> Session: Class initialized using 'CodeIgniter\Session\Handlers\RedisHandler' driver.
INFO - 2024-03-19 15:12:53 --> Session: Class initialized using 'CodeIgniter\Session\Handlers\RedisHandler' driver.
INFO - 2024-03-19 15:13:12 --> Session: Class initialized using 'CodeIgniter\Session\Handlers\RedisHandler' driver.
INFO - 2024-03-19 15:13:22 --> Session: Class initialized using 'CodeIgniter\Session\Handlers\RedisHandler' driver.
INFO - 2024-03-19 15:13:26 --> Session: Class initialized using 'CodeIgniter\Session\Handlers\RedisHandler' driver.
INFO - 2024-03-19 15:13:38 --> Session: Class initialized using 'CodeIgniter\Session\Handlers\RedisHandler' driver.
INFO - 2024-03-19 15:14:05 --> Session: Class initialized using 'CodeIgniter\Session\Handlers\RedisHandler' driver.
INFO - 2024-03-19 15:14:28 --> Session: Class initialized using 'CodeIgniter\Session\Handlers\RedisHandler' driver.
INFO - 2024-03-19 15:14:30 --> Session: Class initialized using 'CodeIgniter\Session\Handlers\RedisHandler' driver.
INFO - 2024-03-19 15:14:52 --> Session: Class initialized using 'CodeIgniter\Session\Handlers\RedisHandler' driver.
INFO - 2024-03-19 15:14:57 --> Session: Class initialized using 'CodeIgniter\Session\Handlers\RedisHandler' driver.
INFO - 2024-03-19 15:15:04 --> Session: Class initialized using 'CodeIgniter\Session\Handlers\RedisHandler' driver.
INFO - 2024-03-19 15:15:08 --> Session: Class initialized using 'CodeIgniter\Session\Handlers\RedisHandler' driver.
INFO - 2024-03-19 15:15:17 --> Session: Class initialized using 'CodeIgniter\Session\Handlers\RedisHandler' driver.
INFO - 2024-03-19 15:15:36 --> Session: Class initialized using 'CodeIgniter\Session\Handlers\RedisHandler' driver.
INFO - 2024-03-19 15:15:52 --> Session: Class initialized using 'CodeIgniter\Session\Handlers\RedisHandler' driver.
INFO - 2024-03-19 15:16:06 --> Session: Class initialized using 'CodeIgniter\Session\Handlers\RedisHandler' driver.
INFO - 2024-03-19 15:16:12 --> Session: Class initialized using 'CodeIgniter\Session\Handlers\RedisHandler' driver.
INFO - 2024-03-19 15:16:23 --> Session: Class initialized using 'CodeIgniter\Session\Handlers\RedisHandler' driver.
INFO - 2024-03-19 15:16:38 --> Session: Class initialized using 'CodeIgniter\Session\Handlers\RedisHandler' driver.
INFO - 2024-03-19 15:16:49 --> Session: Class initialized using 'CodeIgniter\Session\Handlers\RedisHandler' driver.
INFO - 2024-03-19 15:17:03 --> Session: Class initialized using 'CodeIgniter\Session\Handlers\RedisHandler' driver.
INFO - 2024-03-19 15:17:11 --> Session: Class initialized using 'CodeIgniter\Session\Handlers\RedisHandler' driver.
INFO - 2024-03-19 15:17:46 --> Session: Class initialized using 'CodeIgniter\Session\Handlers\RedisHandler' driver.
INFO - 2024-03-19 15:17:57 --> Session: Class initialized using 'CodeIgniter\Session\Handlers\RedisHandler' driver.
INFO - 2024-03-19 15:18:05 --> Session: Class initialized using 'CodeIgniter\Session\Handlers\RedisHandler' driver.
INFO - 2024-03-19 15:18:12 --> Session: Class initialized using 'CodeIgniter\Session\Handlers\RedisHandler' driver.
INFO - 2024-03-19 15:18:35 --> Session: Class initialized using 'CodeIgniter\Session\Handlers\RedisHandler' driver.
INFO - 2024-03-19 15:19:19 --> Session: Class initialized using 'CodeIgniter\Session\Handlers\RedisHandler' driver.
INFO - 2024-03-19 15:19:28 --> Session: Class initialized using 'CodeIgniter\Session\Handlers\RedisHandler' driver.
INFO - 2024-03-19 15:19:41 --> Session: Class initialized using 'CodeIgniter\Session\Handlers\RedisHandler' driver.
INFO - 2024-03-19 15:19:57 --> Session: Class initialized using 'CodeIgniter\Session\Handlers\RedisHandler' driver.
INFO - 2024-03-19 15:20:32 --> Session: Class initialized using 'CodeIgniter\Session\Handlers\RedisHandler' driver.
INFO - 2024-03-19 15:20:37 --> Session: Class initialized using 'CodeIgniter\Session\Handlers\RedisHandler' driver.
INFO - 2024-03-19 15:20:52 --> Session: Class initialized using 'CodeIgniter\Session\Handlers\RedisHandler' driver.
INFO - 2024-03-19 15:21:24 --> Session: Class initialized using 'CodeIgniter\Session\Handlers\RedisHandler' driver.
INFO - 2024-03-19 15:21:39 --> Session: Class initialized using 'CodeIgniter\Session\Handlers\RedisHandler' driver.
INFO - 2024-03-19 15:21:45 --> Session: Class initialized using 'CodeIgniter\Session\Handlers\RedisHandler' driver.
INFO - 2024-03-19 15:22:09 --> Session: Class initialized using 'CodeIgniter\Session\Handlers\RedisHandler' driver.
INFO - 2024-03-19 15:22:17 --> Session: Class initialized using 'CodeIgniter\Session\Handlers\RedisHandler' driver.
INFO - 2024-03-19 15:22:21 --> Session: Class initialized using 'CodeIgniter\Session\Handlers\RedisHandler' driver.
INFO - 2024-03-19 15:22:25 --> Session: Class initialized using 'CodeIgniter\Session\Handlers\RedisHandler' driver.
INFO - 2024-03-19 15:22:32 --> Session: Class initialized using 'CodeIgniter\Session\Handlers\RedisHandler' driver.
INFO - 2024-03-19 15:22:51 --> Session: Class initialized using 'CodeIgniter\Session\Handlers\RedisHandler' driver.
INFO - 2024-03-19 15:22:55 --> Session: Class initialized using 'CodeIgniter\Session\Handlers\RedisHandler' driver.
INFO - 2024-03-19 15:23:09 --> Session: Class initialized using 'CodeIgniter\Session\Handlers\RedisHandler' driver.
INFO - 2024-03-19 15:23:15 --> Session: Class initialized using 'CodeIgniter\Session\Handlers\RedisHandler' driver.
INFO - 2024-03-19 15:23:27 --> Session: Class initialized using 'CodeIgniter\Session\Handlers\RedisHandler' driver.
INFO - 2024-03-19 15:23:52 --> Session: Class initialized using 'CodeIgniter\Session\Handlers\RedisHandler' driver.
INFO - 2024-03-19 15:24:05 --> Session: Class initialized using 'CodeIgniter\Session\Handlers\RedisHandler' driver.
INFO - 2024-03-19 15:24:50 --> Session: Class initialized using 'CodeIgniter\Session\Handlers\RedisHandler' driver.
INFO - 2024-03-19 15:25:50 --> Session: Class initialized using 'CodeIgniter\Session\Handlers\RedisHandler' driver.
INFO - 2024-03-19 15:26:06 --> Session: Class initialized using 'CodeIgniter\Session\Handlers\RedisHandler' driver.
INFO - 2024-03-19 15:27:46 --> Session: Class initialized using 'CodeIgniter\Session\Handlers\RedisHandler' driver.
INFO - 2024-03-19 15:28:16 --> Session: Class initialized using 'CodeIgniter\Session\Handlers\RedisHandler' driver.
INFO - 2024-03-19 15:28:19 --> Session: Class initialized using 'CodeIgniter\Session\Handlers\RedisHandler' driver.
INFO - 2024-03-19 15:28:35 --> Session: Class initialized using 'CodeIgniter\Session\Handlers\RedisHandler' driver.
INFO - 2024-03-19 15:28:40 --> Session: Class initialized using 'CodeIgniter\Session\Handlers\RedisHandler' driver.
INFO - 2024-03-19 15:29:05 --> Session: Class initialized using 'CodeIgniter\Session\Handlers\RedisHandler' driver.
INFO - 2024-03-19 15:29:37 --> Session: Class initialized using 'CodeIgniter\Session\Handlers\RedisHandler' driver.
INFO - 2024-03-19 15:30:26 --> Session: Class initialized using 'CodeIgniter\Session\Handlers\RedisHandler' driver.
INFO - 2024-03-19 15:31:15 --> Session: Class initialized using 'CodeIgniter\Session\Handlers\RedisHandler' driver.
INFO - 2024-03-19 15:31:20 --> Session: Class initialized using 'CodeIgniter\Session\Handlers\RedisHandler' driver.
INFO - 2024-03-19 15:31:23 --> Session: Class initialized using 'CodeIgniter\Session\Handlers\RedisHandler' driver.
INFO - 2024-03-19 15:31:32 --> Session: Class initialized using 'CodeIgniter\Session\Handlers\RedisHandler' driver.
INFO - 2024-03-19 15:31:41 --> Session: Class initialized using 'CodeIgniter\Session\Handlers\RedisHandler' driver.
INFO - 2024-03-19 15:31:45 --> Session: Class initialized using 'CodeIgniter\Session\Handlers\RedisHandler' driver.
INFO - 2024-03-19 15:32:09 --> Session: Class initialized using 'CodeIgniter\Session\Handlers\RedisHandler' driver.
INFO - 2024-03-19 15:32:26 --> Session: Class initialized using 'CodeIgniter\Session\Handlers\RedisHandler' driver.
INFO - 2024-03-19 15:32:45 --> Session: Class initialized using 'CodeIgniter\Session\Handlers\RedisHandler' driver.
INFO - 2024-03-19 15:33:04 --> Session: Class initialized using 'CodeIgniter\Session\Handlers\RedisHandler' driver.
INFO - 2024-03-19 15:33:08 --> Session: Class initialized using 'CodeIgniter\Session\Handlers\RedisHandler' driver.
INFO - 2024-03-19 15:33:19 --> Session: Class initialized using 'CodeIgniter\Session\Handlers\RedisHandler' driver.
INFO - 2024-03-19 15:33:32 --> Session: Class initialized using 'CodeIgniter\Session\Handlers\RedisHandler' driver.
INFO - 2024-03-19 15:33:38 --> Session: Class initialized using 'CodeIgniter\Session\Handlers\RedisHandler' driver.
INFO - 2024-03-19 15:33:49 --> Session: Class initialized using 'CodeIgniter\Session\Handlers\RedisHandler' driver.
INFO - 2024-03-19 15:34:16 --> Session: Class initialized using 'CodeIgniter\Session\Handlers\RedisHandler' driver.
INFO - 2024-03-19 15:34:25 --> Session: Class initialized using 'CodeIgniter\Session\Handlers\RedisHandler' driver.
INFO - 2024-03-19 15:34:29 --> Session: Class initialized using 'CodeIgniter\Session\Handlers\RedisHandler' driver.
INFO - 2024-03-19 15:34:35 --> Session: Class initialized using 'CodeIgniter\Session\Handlers\RedisHandler' driver.
INFO - 2024-03-19 15:36:16 --> Session: Class initialized using 'CodeIgniter\Session\Handlers\RedisHandler' driver.
INFO - 2024-03-19 15:36:30 --> Session: Class initialized using 'CodeIgniter\Session\Handlers\RedisHandler' driver.
INFO - 2024-03-19 15:37:58 --> Session: Class initialized using 'CodeIgniter\Session\Handlers\RedisHandler' driver.
INFO - 2024-03-19 15:38:08 --> Session: Class initialized using 'CodeIgniter\Session\Handlers\RedisHandler' driver.
INFO - 2024-03-19 15:38:46 --> Session: Class initialized using 'CodeIgniter\Session\Handlers\RedisHandler' driver.
INFO - 2024-03-19 15:38:52 --> Session: Class initialized using 'CodeIgniter\Session\Handlers\RedisHandler' driver.
INFO - 2024-03-19 15:38:56 --> Session: Class initialized using 'CodeIgniter\Session\Handlers\RedisHandler' driver.
INFO - 2024-03-19 15:39:02 --> Session: Class initialized using 'CodeIgniter\Session\Handlers\RedisHandler' driver.
INFO - 2024-03-19 15:39:12 --> Session: Class initialized using 'CodeIgniter\Session\Handlers\RedisHandler' driver.
INFO - 2024-03-19 15:39:36 --> Session: Class initialized using 'CodeIgniter\Session\Handlers\RedisHandler' driver.
INFO - 2024-03-19 15:41:01 --> Session: Class initialized using 'CodeIgniter\Session\Handlers\RedisHandler' driver.
INFO - 2024-03-19 15:41:51 --> Session: Class initialized using 'CodeIgniter\Session\Handlers\RedisHandler' driver.
INFO - 2024-03-19 15:42:04 --> Session: Class initialized using 'CodeIgniter\Session\Handlers\RedisHandler' driver.
INFO - 2024-03-19 15:42:09 --> Session: Class initialized using 'CodeIgniter\Session\Handlers\RedisHandler' driver.
INFO - 2024-03-19 15:42:49 --> Session: Class initialized using 'CodeIgniter\Session\Handlers\RedisHandler' driver.
INFO - 2024-03-19 15:42:54 --> Session: Class initialized using 'CodeIgniter\Session\Handlers\RedisHandler' driver.
INFO - 2024-03-19 15:44:42 --> Session: Class initialized using 'CodeIgniter\Session\Handlers\RedisHandler' driver.
INFO - 2024-03-19 15:45:58 --> Session: Class initialized using 'CodeIgniter\Session\Handlers\RedisHandler' driver.
INFO - 2024-03-19 15:46:12 --> Session: Class initialized using 'CodeIgniter\Session\Handlers\RedisHandler' driver.
INFO - 2024-03-19 15:46:28 --> Session: Class initialized using 'CodeIgniter\Session\Handlers\RedisHandler' driver.
INFO - 2024-03-19 15:46:50 --> Session: Class initialized using 'CodeIgniter\Session\Handlers\RedisHandler' driver.
INFO - 2024-03-19 15:47:11 --> Session: Class initialized using 'CodeIgniter\Session\Handlers\RedisHandler' driver.
INFO - 2024-03-19 15:47:18 --> Session: Class initialized using 'CodeIgniter\Session\Handlers\RedisHandler' driver.
INFO - 2024-03-19 15:47:32 --> Session: Class initialized using 'CodeIgniter\Session\Handlers\RedisHandler' driver.
INFO - 2024-03-19 15:48:05 --> Session: Class initialized using 'CodeIgniter\Session\Handlers\RedisHandler' driver.
INFO - 2024-03-19 15:48:32 --> Session: Class initialized using 'CodeIgniter\Session\Handlers\RedisHandler' driver.
INFO - 2024-03-19 15:48:43 --> Session: Class initialized using 'CodeIgniter\Session\Handlers\RedisHandler' driver.
INFO - 2024-03-19 15:48:47 --> Session: Class initialized using 'CodeIgniter\Session\Handlers\RedisHandler' driver.
INFO - 2024-03-19 15:48:51 --> Session: Class initialized using 'CodeIgniter\Session\Handlers\RedisHandler' driver.
INFO - 2024-03-19 15:48:56 --> Session: Class initialized using 'CodeIgniter\Session\Handlers\RedisHandler' driver.
INFO - 2024-03-19 15:49:02 --> Session: Class initialized using 'CodeIgniter\Session\Handlers\RedisHandler' driver.
INFO - 2024-03-19 15:49:07 --> Session: Class initialized using 'CodeIgniter\Session\Handlers\RedisHandler' driver.
INFO - 2024-03-19 15:49:32 --> Session: Class initialized using 'CodeIgniter\Session\Handlers\RedisHandler' driver.
INFO - 2024-03-19 15:49:39 --> Session: Class initialized using 'CodeIgniter\Session\Handlers\RedisHandler' driver.
INFO - 2024-03-19 15:49:49 --> Session: Class initialized using 'CodeIgniter\Session\Handlers\RedisHandler' driver.
INFO - 2024-03-19 15:50:45 --> Session: Class initialized using 'CodeIgniter\Session\Handlers\RedisHandler' driver.
INFO - 2024-03-19 15:50:55 --> Session: Class initialized using 'CodeIgniter\Session\Handlers\RedisHandler' driver.
INFO - 2024-03-19 15:51:00 --> Session: Class initialized using 'CodeIgniter\Session\Handlers\RedisHandler' driver.
INFO - 2024-03-19 15:51:09 --> Session: Class initialized using 'CodeIgniter\Session\Handlers\RedisHandler' driver.
INFO - 2024-03-19 15:51:12 --> Session: Class initialized using 'CodeIgniter\Session\Handlers\RedisHandler' driver.
INFO - 2024-03-19 15:51:15 --> Session: Class initialized using 'CodeIgniter\Session\Handlers\RedisHandler' driver.
INFO - 2024-03-19 15:51:18 --> Session: Class initialized using 'CodeIgniter\Session\Handlers\RedisHandler' driver.
INFO - 2024-03-19 15:52:53 --> Session: Class initialized using 'CodeIgniter\Session\Handlers\RedisHandler' driver.
INFO - 2024-03-19 15:53:16 --> Session: Class initialized using 'CodeIgniter\Session\Handlers\RedisHandler' driver.
INFO - 2024-03-19 15:55:05 --> Session: Class initialized using 'CodeIgniter\Session\Handlers\RedisHandler' driver.
INFO - 2024-03-19 15:58:36 --> Session: Class initialized using 'CodeIgniter\Session\Handlers\RedisHandler' driver.
INFO - 2024-03-19 15:58:53 --> Session: Class initialized using 'CodeIgniter\Session\Handlers\RedisHandler' driver.
INFO - 2024-03-19 15:59:03 --> Session: Class initialized using 'CodeIgniter\Session\Handlers\RedisHandler' driver.
INFO - 2024-03-19 15:59:28 --> Session: Class initialized using 'CodeIgniter\Session\Handlers\RedisHandler' driver.
INFO - 2024-03-19 15:59:32 --> Session: Class initialized using 'CodeIgniter\Session\Handlers\RedisHandler' driver.
INFO - 2024-03-19 16:00:15 --> Session: Class initialized using 'CodeIgniter\Session\Handlers\RedisHandler' driver.
INFO - 2024-03-19 16:00:17 --> Session: Class initialized using 'CodeIgniter\Session\Handlers\RedisHandler' driver.
INFO - 2024-03-19 16:00:27 --> Session: Class initialized using 'CodeIgniter\Session\Handlers\RedisHandler' driver.
INFO - 2024-03-19 16:00:30 --> Session: Class initialized using 'CodeIgniter\Session\Handlers\RedisHandler' driver.
INFO - 2024-03-19 16:00:52 --> Session: Class initialized using 'CodeIgniter\Session\Handlers\RedisHandler' driver.
INFO - 2024-03-19 16:01:07 --> Session: Class initialized using 'CodeIgniter\Session\Handlers\RedisHandler' driver.
INFO - 2024-03-19 16:01:24 --> Session: Class initialized using 'CodeIgniter\Session\Handlers\RedisHandler' driver.
INFO - 2024-03-19 16:01:24 --> Session: Class initialized using 'CodeIgniter\Session\Handlers\RedisHandler' driver.
INFO - 2024-03-19 16:01:24 --> Session: Class initialized using 'CodeIgniter\Session\Handlers\RedisHandler' driver.
INFO - 2024-03-19 16:01:26 --> Session: Class initialized using 'CodeIgniter\Session\Handlers\RedisHandler' driver.
INFO - 2024-03-19 16:01:26 --> Session: Class initialized using 'CodeIgniter\Session\Handlers\RedisHandler' driver.
INFO - 2024-03-19 16:01:27 --> Session: Class initialized using 'CodeIgniter\Session\Handlers\RedisHandler' driver.
INFO - 2024-03-19 16:01:27 --> Session: Class initialized using 'CodeIgniter\Session\Handlers\RedisHandler' driver.
INFO - 2024-03-19 16:01:27 --> Session: Class initialized using 'CodeIgniter\Session\Handlers\RedisHandler' driver.
INFO - 2024-03-19 16:01:27 --> Session: Class initialized using 'CodeIgniter\Session\Handlers\RedisHandler' driver.
INFO - 2024-03-19 16:01:28 --> Session: Class initialized using 'CodeIgniter\Session\Handlers\RedisHandler' driver.
INFO - 2024-03-19 16:01:28 --> Session: Class initialized using 'CodeIgniter\Session\Handlers\RedisHandler' driver.
INFO - 2024-03-19 16:01:28 --> Session: Class initialized using 'CodeIgniter\Session\Handlers\RedisHandler' driver.
INFO - 2024-03-19 16:01:28 --> Session: Class initialized using 'CodeIgniter\Session\Handlers\RedisHandler' driver.
INFO - 2024-03-19 16:01:28 --> Session: Class initialized using 'CodeIgniter\Session\Handlers\RedisHandler' driver.
INFO - 2024-03-19 16:01:35 --> Session: Class initialized using 'CodeIgniter\Session\Handlers\RedisHandler' driver.
INFO - 2024-03-19 16:01:35 --> Session: Class initialized using 'CodeIgniter\Session\Handlers\RedisHandler' driver.
INFO - 2024-03-19 16:01:35 --> Session: Class initialized using 'CodeIgniter\Session\Handlers\RedisHandler' driver.
INFO - 2024-03-19 16:01:42 --> Session: Class initialized using 'CodeIgniter\Session\Handlers\RedisHandler' driver.
INFO - 2024-03-19 16:02:12 --> Session: Class initialized using 'CodeIgniter\Session\Handlers\RedisHandler' driver.
INFO - 2024-03-19 16:02:31 --> Session: Class initialized using 'CodeIgniter\Session\Handlers\RedisHandler' driver.
INFO - 2024-03-19 16:02:33 --> Session: Class initialized using 'CodeIgniter\Session\Handlers\RedisHandler' driver.
INFO - 2024-03-19 16:02:49 --> Session: Class initialized using 'CodeIgniter\Session\Handlers\RedisHandler' driver.
INFO - 2024-03-19 16:03:42 --> Session: Class initialized using 'CodeIgniter\Session\Handlers\RedisHandler' driver.
INFO - 2024-03-19 16:03:44 --> Session: Class initialized using 'CodeIgniter\Session\Handlers\RedisHandler' driver.
INFO - 2024-03-19 16:03:52 --> Session: Class initialized using 'CodeIgniter\Session\Handlers\RedisHandler' driver.
INFO - 2024-03-19 16:03:57 --> Session: Class initialized using 'CodeIgniter\Session\Handlers\RedisHandler' driver.
INFO - 2024-03-19 16:04:22 --> Session: Class initialized using 'CodeIgniter\Session\Handlers\RedisHandler' driver.
INFO - 2024-03-19 16:04:36 --> Session: Class initialized using 'CodeIgniter\Session\Handlers\RedisHandler' driver.
INFO - 2024-03-19 16:04:36 --> Session: Class initialized using 'CodeIgniter\Session\Handlers\RedisHandler' driver.
INFO - 2024-03-19 16:04:56 --> Session: Class initialized using 'CodeIgniter\Session\Handlers\RedisHandler' driver.
INFO - 2024-03-19 16:04:56 --> Session: Class initialized using 'CodeIgniter\Session\Handlers\RedisHandler' driver.
INFO - 2024-03-19 16:05:20 --> Session: Class initialized using 'CodeIgniter\Session\Handlers\RedisHandler' driver.
INFO - 2024-03-19 16:05:20 --> Session: Class initialized using 'CodeIgniter\Session\Handlers\RedisHandler' driver.
INFO - 2024-03-19 16:05:39 --> Session: Class initialized using 'CodeIgniter\Session\Handlers\RedisHandler' driver.
INFO - 2024-03-19 16:05:39 --> Session: Class initialized using 'CodeIgniter\Session\Handlers\RedisHandler' driver.
INFO - 2024-03-19 16:06:05 --> Session: Class initialized using 'CodeIgniter\Session\Handlers\RedisHandler' driver.
INFO - 2024-03-19 16:06:05 --> Session: Class initialized using 'CodeIgniter\Session\Handlers\RedisHandler' driver.
INFO - 2024-03-19 16:06:12 --> Session: Class initialized using 'CodeIgniter\Session\Handlers\RedisHandler' driver.
INFO - 2024-03-19 16:06:12 --> Session: Class initialized using 'CodeIgniter\Session\Handlers\RedisHandler' driver.
INFO - 2024-03-19 16:06:16 --> Session: Class initialized using 'CodeIgniter\Session\Handlers\RedisHandler' driver.
INFO - 2024-03-19 16:06:16 --> Session: Class initialized using 'CodeIgniter\Session\Handlers\RedisHandler' driver.
INFO - 2024-03-19 16:08:26 --> Session: Class initialized using 'CodeIgniter\Session\Handlers\RedisHandler' driver.
INFO - 2024-03-19 16:08:26 --> Session: Class initialized using 'CodeIgniter\Session\Handlers\RedisHandler' driver.
INFO - 2024-03-19 16:08:38 --> Session: Class initialized using 'CodeIgniter\Session\Handlers\RedisHandler' driver.
INFO - 2024-03-19 16:08:38 --> Session: Class initialized using 'CodeIgniter\Session\Handlers\RedisHandler' driver.
INFO - 2024-03-19 16:08:45 --> Session: Class initialized using 'CodeIgniter\Session\Handlers\RedisHandler' driver.
INFO - 2024-03-19 16:08:45 --> Session: Class initialized using 'CodeIgniter\Session\Handlers\RedisHandler' driver.
INFO - 2024-03-19 16:09:22 --> Session: Class initialized using 'CodeIgniter\Session\Handlers\RedisHandler' driver.
INFO - 2024-03-19 16:09:22 --> Session: Class initialized using 'CodeIgniter\Session\Handlers\RedisHandler' driver.
INFO - 2024-03-19 16:10:37 --> Session: Class initialized using 'CodeIgniter\Session\Handlers\RedisHandler' driver.
INFO - 2024-03-19 16:10:37 --> Session: Class initialized using 'CodeIgniter\Session\Handlers\RedisHandler' driver.
INFO - 2024-03-19 16:10:41 --> Session: Class initialized using 'CodeIgniter\Session\Handlers\RedisHandler' driver.
INFO - 2024-03-19 16:10:41 --> Session: Class initialized using 'CodeIgniter\Session\Handlers\RedisHandler' driver.
INFO - 2024-03-19 16:10:56 --> Session: Class initialized using 'CodeIgniter\Session\Handlers\RedisHandler' driver.
INFO - 2024-03-19 16:10:56 --> Session: Class initialized using 'CodeIgniter\Session\Handlers\RedisHandler' driver.
INFO - 2024-03-19 16:11:50 --> Session: Class initialized using 'CodeIgniter\Session\Handlers\RedisHandler' driver.
INFO - 2024-03-19 16:11:51 --> Session: Class initialized using 'CodeIgniter\Session\Handlers\RedisHandler' driver.
INFO - 2024-03-19 16:12:00 --> Session: Class initialized using 'CodeIgniter\Session\Handlers\RedisHandler' driver.
INFO - 2024-03-19 16:12:01 --> Session: Class initialized using 'CodeIgniter\Session\Handlers\RedisHandler' driver.
INFO - 2024-03-19 16:12:13 --> Session: Class initialized using 'CodeIgniter\Session\Handlers\RedisHandler' driver.
INFO - 2024-03-19 16:12:14 --> Session: Class initialized using 'CodeIgniter\Session\Handlers\RedisHandler' driver.
INFO - 2024-03-19 16:12:24 --> Session: Class initialized using 'CodeIgniter\Session\Handlers\RedisHandler' driver.
INFO - 2024-03-19 16:12:24 --> Session: Class initialized using 'CodeIgniter\Session\Handlers\RedisHandler' driver.
INFO - 2024-03-19 16:12:41 --> Session: Class initialized using 'CodeIgniter\Session\Handlers\RedisHandler' driver.
INFO - 2024-03-19 16:12:42 --> Session: Class initialized using 'CodeIgniter\Session\Handlers\RedisHandler' driver.
INFO - 2024-03-19 16:12:44 --> Session: Class initialized using 'CodeIgniter\Session\Handlers\RedisHandler' driver.
INFO - 2024-03-19 16:12:44 --> Session: Class initialized using 'CodeIgniter\Session\Handlers\RedisHandler' driver.
INFO - 2024-03-19 16:12:44 --> Session: Class initialized using 'CodeIgniter\Session\Handlers\RedisHandler' driver.
INFO - 2024-03-19 16:12:44 --> Session: Class initialized using 'CodeIgniter\Session\Handlers\RedisHandler' driver.
INFO - 2024-03-19 16:12:44 --> Session: Class initialized using 'CodeIgniter\Session\Handlers\RedisHandler' driver.
INFO - 2024-03-19 16:12:44 --> Session: Class initialized using 'CodeIgniter\Session\Handlers\RedisHandler' driver.
INFO - 2024-03-19 16:12:44 --> Session: Class initialized using 'CodeIgniter\Session\Handlers\RedisHandler' driver.
INFO - 2024-03-19 16:12:46 --> Session: Class initialized using 'CodeIgniter\Session\Handlers\RedisHandler' driver.
INFO - 2024-03-19 16:12:46 --> Session: Class initialized using 'CodeIgniter\Session\Handlers\RedisHandler' driver.
INFO - 2024-03-19 16:12:52 --> Session: Class initialized using 'CodeIgniter\Session\Handlers\RedisHandler' driver.
INFO - 2024-03-19 16:12:52 --> Session: Class initialized using 'CodeIgniter\Session\Handlers\RedisHandler' driver.
INFO - 2024-03-19 16:13:30 --> Session: Class initialized using 'CodeIgniter\Session\Handlers\RedisHandler' driver.
INFO - 2024-03-19 16:13:30 --> Session: Class initialized using 'CodeIgniter\Session\Handlers\RedisHandler' driver.
INFO - 2024-03-19 16:13:56 --> Session: Class initialized using 'CodeIgniter\Session\Handlers\RedisHandler' driver.
INFO - 2024-03-19 16:13:56 --> Session: Class initialized using 'CodeIgniter\Session\Handlers\RedisHandler' driver.
INFO - 2024-03-19 16:15:40 --> Session: Class initialized using 'CodeIgniter\Session\Handlers\RedisHandler' driver.
INFO - 2024-03-19 16:15:40 --> Session: Class initialized using 'CodeIgniter\Session\Handlers\RedisHandler' driver.
INFO - 2024-03-19 16:15:54 --> Session: Class initialized using 'CodeIgniter\Session\Handlers\RedisHandler' driver.
INFO - 2024-03-19 16:15:58 --> Session: Class initialized using 'CodeIgniter\Session\Handlers\RedisHandler' driver.
INFO - 2024-03-19 16:15:58 --> Session: Class initialized using 'CodeIgniter\Session\Handlers\RedisHandler' driver.
INFO - 2024-03-19 16:15:58 --> Session: Class initialized using 'CodeIgniter\Session\Handlers\RedisHandler' driver.
INFO - 2024-03-19 16:15:58 --> Session: Class initialized using 'CodeIgniter\Session\Handlers\RedisHandler' driver.
INFO - 2024-03-19 16:15:58 --> Session: Class initialized using 'CodeIgniter\Session\Handlers\RedisHandler' driver.
INFO - 2024-03-19 16:15:59 --> Session: Class initialized using 'CodeIgniter\Session\Handlers\RedisHandler' driver.
INFO - 2024-03-19 16:15:59 --> Session: Class initialized using 'CodeIgniter\Session\Handlers\RedisHandler' driver.
INFO - 2024-03-19 16:16:02 --> Session: Class initialized using 'CodeIgniter\Session\Handlers\RedisHandler' driver.
INFO - 2024-03-19 16:16:02 --> Session: Class initialized using 'CodeIgniter\Session\Handlers\RedisHandler' driver.
INFO - 2024-03-19 16:16:19 --> Session: Class initialized using 'CodeIgniter\Session\Handlers\RedisHandler' driver.
INFO - 2024-03-19 16:16:19 --> Session: Class initialized using 'CodeIgniter\Session\Handlers\RedisHandler' driver.
INFO - 2024-03-19 16:16:52 --> Session: Class initialized using 'CodeIgniter\Session\Handlers\RedisHandler' driver.
INFO - 2024-03-19 16:16:52 --> Session: Class initialized using 'CodeIgniter\Session\Handlers\RedisHandler' driver.
INFO - 2024-03-19 16:18:33 --> Session: Class initialized using 'CodeIgniter\Session\Handlers\RedisHandler' driver.
INFO - 2024-03-19 16:18:34 --> Session: Class initialized using 'CodeIgniter\Session\Handlers\RedisHandler' driver.
INFO - 2024-03-19 16:49:00 --> Session: Class initialized using 'CodeIgniter\Session\Handlers\RedisHandler' driver.
INFO - 2024-03-19 16:49:00 --> Session: Class initialized using 'CodeIgniter\Session\Handlers\RedisHandler' driver.
INFO - 2024-03-19 16:49:13 --> Session: Class initialized using 'CodeIgniter\Session\Handlers\RedisHandler' driver.
INFO - 2024-03-19 16:49:13 --> Session: Class initialized using 'CodeIgniter\Session\Handlers\RedisHandler' driver.
INFO - 2024-03-19 16:49:23 --> Session: Class initialized using 'CodeIgniter\Session\Handlers\RedisHandler' driver.
INFO - 2024-03-19 16:49:26 --> Session: Class initialized using 'CodeIgniter\Session\Handlers\RedisHandler' driver.
INFO - 2024-03-19 16:49:28 --> Session: Class initialized using 'CodeIgniter\Session\Handlers\RedisHandler' driver.
INFO - 2024-03-19 16:49:28 --> Session: Class initialized using 'CodeIgniter\Session\Handlers\RedisHandler' driver.
INFO - 2024-03-19 16:49:28 --> Session: Class initialized using 'CodeIgniter\Session\Handlers\RedisHandler' driver.
INFO - 2024-03-19 16:49:28 --> Session: Class initialized using 'CodeIgniter\Session\Handlers\RedisHandler' driver.
INFO - 2024-03-19 16:49:28 --> Session: Class initialized using 'CodeIgniter\Session\Handlers\RedisHandler' driver.
INFO - 2024-03-19 16:49:28 --> Session: Class initialized using 'CodeIgniter\Session\Handlers\RedisHandler' driver.
INFO - 2024-03-19 16:49:28 --> Session: Class initialized using 'CodeIgniter\Session\Handlers\RedisHandler' driver.
INFO - 2024-03-19 16:49:30 --> Session: Class initialized using 'CodeIgniter\Session\Handlers\RedisHandler' driver.
INFO - 2024-03-19 16:49:30 --> Session: Class initialized using 'CodeIgniter\Session\Handlers\RedisHandler' driver.
INFO - 2024-03-19 16:49:42 --> Session: Class initialized using 'CodeIgniter\Session\Handlers\RedisHandler' driver.
INFO - 2024-03-19 16:49:42 --> Session: Class initialized using 'CodeIgniter\Session\Handlers\RedisHandler' driver.
INFO - 2024-03-19 16:50:10 --> Session: Class initialized using 'CodeIgniter\Session\Handlers\RedisHandler' driver.
INFO - 2024-03-19 16:50:10 --> Session: Class initialized using 'CodeIgniter\Session\Handlers\RedisHandler' driver.
INFO - 2024-03-19 16:50:59 --> Session: Class initialized using 'CodeIgniter\Session\Handlers\RedisHandler' driver.
INFO - 2024-03-19 16:50:59 --> Session: Class initialized using 'CodeIgniter\Session\Handlers\RedisHandler' driver.
INFO - 2024-03-19 16:51:03 --> Session: Class initialized using 'CodeIgniter\Session\Handlers\RedisHandler' driver.
INFO - 2024-03-19 16:51:03 --> Session: Class initialized using 'CodeIgniter\Session\Handlers\RedisHandler' driver.
INFO - 2024-03-19 16:51:52 --> Session: Class initialized using 'CodeIgniter\Session\Handlers\RedisHandler' driver.
INFO - 2024-03-19 16:51:52 --> Session: Class initialized using 'CodeIgniter\Session\Handlers\RedisHandler' driver.
INFO - 2024-03-19 16:51:59 --> Session: Class initialized using 'CodeIgniter\Session\Handlers\RedisHandler' driver.
INFO - 2024-03-19 16:51:59 --> Session: Class initialized using 'CodeIgniter\Session\Handlers\RedisHandler' driver.
INFO - 2024-03-19 16:52:22 --> Session: Class initialized using 'CodeIgniter\Session\Handlers\RedisHandler' driver.
INFO - 2024-03-19 16:52:22 --> Session: Class initialized using 'CodeIgniter\Session\Handlers\RedisHandler' driver.
INFO - 2024-03-19 16:52:35 --> Session: Class initialized using 'CodeIgniter\Session\Handlers\RedisHandler' driver.
INFO - 2024-03-19 16:52:36 --> Session: Class initialized using 'CodeIgniter\Session\Handlers\RedisHandler' driver.
INFO - 2024-03-19 16:54:18 --> Session: Class initialized using 'CodeIgniter\Session\Handlers\RedisHandler' driver.
INFO - 2024-03-19 16:54:18 --> Session: Class initialized using 'CodeIgniter\Session\Handlers\RedisHandler' driver.
INFO - 2024-03-19 16:54:25 --> Session: Class initialized using 'CodeIgniter\Session\Handlers\RedisHandler' driver.
INFO - 2024-03-19 16:54:25 --> Session: Class initialized using 'CodeIgniter\Session\Handlers\RedisHandler' driver.
INFO - 2024-03-19 16:54:38 --> Session: Class initialized using 'CodeIgniter\Session\Handlers\RedisHandler' driver.
INFO - 2024-03-19 16:54:38 --> Session: Class initialized using 'CodeIgniter\Session\Handlers\RedisHandler' driver.
INFO - 2024-03-19 16:55:18 --> Session: Class initialized using 'CodeIgniter\Session\Handlers\RedisHandler' driver.
INFO - 2024-03-19 16:55:18 --> Session: Class initialized using 'CodeIgniter\Session\Handlers\RedisHandler' driver.
INFO - 2024-03-19 16:55:56 --> Session: Class initialized using 'CodeIgniter\Session\Handlers\RedisHandler' driver.
INFO - 2024-03-19 16:55:56 --> Session: Class initialized using 'CodeIgniter\Session\Handlers\RedisHandler' driver.
INFO - 2024-03-19 16:56:07 --> Session: Class initialized using 'CodeIgniter\Session\Handlers\RedisHandler' driver.
INFO - 2024-03-19 16:56:07 --> Session: Class initialized using 'CodeIgniter\Session\Handlers\RedisHandler' driver.
INFO - 2024-03-19 16:56:11 --> Session: Class initialized using 'CodeIgniter\Session\Handlers\RedisHandler' driver.
INFO - 2024-03-19 16:56:11 --> Session: Class initialized using 'CodeIgniter\Session\Handlers\RedisHandler' driver.
INFO - 2024-03-19 16:56:42 --> Session: Class initialized using 'CodeIgniter\Session\Handlers\RedisHandler' driver.
INFO - 2024-03-19 16:56:42 --> Session: Class initialized using 'CodeIgniter\Session\Handlers\RedisHandler' driver.
INFO - 2024-03-19 16:57:18 --> Session: Class initialized using 'CodeIgniter\Session\Handlers\RedisHandler' driver.
INFO - 2024-03-19 16:57:18 --> Session: Class initialized using 'CodeIgniter\Session\Handlers\RedisHandler' driver.
INFO - 2024-03-19 16:57:49 --> Session: Class initialized using 'CodeIgniter\Session\Handlers\RedisHandler' driver.
INFO - 2024-03-19 16:57:49 --> Session: Class initialized using 'CodeIgniter\Session\Handlers\RedisHandler' driver.
INFO - 2024-03-19 16:58:21 --> Session: Class initialized using 'CodeIgniter\Session\Handlers\RedisHandler' driver.
INFO - 2024-03-19 16:58:22 --> Session: Class initialized using 'CodeIgniter\Session\Handlers\RedisHandler' driver.
INFO - 2024-03-19 16:58:43 --> Session: Class initialized using 'CodeIgniter\Session\Handlers\RedisHandler' driver.
INFO - 2024-03-19 16:58:43 --> Session: Class initialized using 'CodeIgniter\Session\Handlers\RedisHandler' driver.
INFO - 2024-03-19 16:59:11 --> Session: Class initialized using 'CodeIgniter\Session\Handlers\RedisHandler' driver.
INFO - 2024-03-19 16:59:11 --> Session: Class initialized using 'CodeIgniter\Session\Handlers\RedisHandler' driver.
INFO - 2024-03-19 16:59:45 --> Session: Class initialized using 'CodeIgniter\Session\Handlers\RedisHandler' driver.
INFO - 2024-03-19 16:59:45 --> Session: Class initialized using 'CodeIgniter\Session\Handlers\RedisHandler' driver.
INFO - 2024-03-19 16:59:50 --> Session: Class initialized using 'CodeIgniter\Session\Handlers\RedisHandler' driver.
INFO - 2024-03-19 16:59:50 --> Session: Class initialized using 'CodeIgniter\Session\Handlers\RedisHandler' driver.
INFO - 2024-03-19 17:00:07 --> Session: Class initialized using 'CodeIgniter\Session\Handlers\RedisHandler' driver.
INFO - 2024-03-19 17:00:07 --> Session: Class initialized using 'CodeIgniter\Session\Handlers\RedisHandler' driver.
INFO - 2024-03-19 17:00:21 --> Session: Class initialized using 'CodeIgniter\Session\Handlers\RedisHandler' driver.
INFO - 2024-03-19 17:00:21 --> Session: Class initialized using 'CodeIgniter\Session\Handlers\RedisHandler' driver.
INFO - 2024-03-19 17:00:35 --> Session: Class initialized using 'CodeIgniter\Session\Handlers\RedisHandler' driver.
INFO - 2024-03-19 17:00:35 --> Session: Class initialized using 'CodeIgniter\Session\Handlers\RedisHandler' driver.
INFO - 2024-03-19 17:00:43 --> Session: Class initialized using 'CodeIgniter\Session\Handlers\RedisHandler' driver.
INFO - 2024-03-19 17:00:43 --> Session: Class initialized using 'CodeIgniter\Session\Handlers\RedisHandler' driver.
INFO - 2024-03-19 17:00:54 --> Session: Class initialized using 'CodeIgniter\Session\Handlers\RedisHandler' driver.
INFO - 2024-03-19 17:00:54 --> Session: Class initialized using 'CodeIgniter\Session\Handlers\RedisHandler' driver.
INFO - 2024-03-19 17:01:12 --> Session: Class initialized using 'CodeIgniter\Session\Handlers\RedisHandler' driver.
INFO - 2024-03-19 17:01:12 --> Session: Class initialized using 'CodeIgniter\Session\Handlers\RedisHandler' driver.
INFO - 2024-03-19 17:01:29 --> Session: Class initialized using 'CodeIgniter\Session\Handlers\RedisHandler' driver.
INFO - 2024-03-19 17:01:29 --> Session: Class initialized using 'CodeIgniter\Session\Handlers\RedisHandler' driver.
INFO - 2024-03-19 17:01:32 --> Session: Class initialized using 'CodeIgniter\Session\Handlers\RedisHandler' driver.
INFO - 2024-03-19 17:01:32 --> Session: Class initialized using 'CodeIgniter\Session\Handlers\RedisHandler' driver.
INFO - 2024-03-19 17:01:35 --> Session: Class initialized using 'CodeIgniter\Session\Handlers\RedisHandler' driver.
INFO - 2024-03-19 17:01:35 --> Session: Class initialized using 'CodeIgniter\Session\Handlers\RedisHandler' driver.
INFO - 2024-03-19 17:01:58 --> Session: Class initialized using 'CodeIgniter\Session\Handlers\RedisHandler' driver.
INFO - 2024-03-19 17:01:58 --> Session: Class initialized using 'CodeIgniter\Session\Handlers\RedisHandler' driver.
INFO - 2024-03-19 17:02:19 --> Session: Class initialized using 'CodeIgniter\Session\Handlers\RedisHandler' driver.
INFO - 2024-03-19 17:02:20 --> Session: Class initialized using 'CodeIgniter\Session\Handlers\RedisHandler' driver.
INFO - 2024-03-19 17:02:55 --> Session: Class initialized using 'CodeIgniter\Session\Handlers\RedisHandler' driver.
INFO - 2024-03-19 17:02:55 --> Session: Class initialized using 'CodeIgniter\Session\Handlers\RedisHandler' driver.
INFO - 2024-03-19 17:03:04 --> Session: Class initialized using 'CodeIgniter\Session\Handlers\RedisHandler' driver.
INFO - 2024-03-19 17:03:04 --> Session: Class initialized using 'CodeIgniter\Session\Handlers\RedisHandler' driver.
INFO - 2024-03-19 17:03:13 --> Session: Class initialized using 'CodeIgniter\Session\Handlers\RedisHandler' driver.
INFO - 2024-03-19 17:03:13 --> Session: Class initialized using 'CodeIgniter\Session\Handlers\RedisHandler' driver.
INFO - 2024-03-19 17:03:34 --> Session: Class initialized using 'CodeIgniter\Session\Handlers\RedisHandler' driver.
INFO - 2024-03-19 17:03:35 --> Session: Class initialized using 'CodeIgniter\Session\Handlers\RedisHandler' driver.
INFO - 2024-03-19 17:03:58 --> Session: Class initialized using 'CodeIgniter\Session\Handlers\RedisHandler' driver.
INFO - 2024-03-19 17:03:58 --> Session: Class initialized using 'CodeIgniter\Session\Handlers\RedisHandler' driver.
INFO - 2024-03-19 17:04:05 --> Session: Class initialized using 'CodeIgniter\Session\Handlers\RedisHandler' driver.
INFO - 2024-03-19 17:04:05 --> Session: Class initialized using 'CodeIgniter\Session\Handlers\RedisHandler' driver.
INFO - 2024-03-19 17:04:52 --> Session: Class initialized using 'CodeIgniter\Session\Handlers\RedisHandler' driver.
INFO - 2024-03-19 17:04:52 --> Session: Class initialized using 'CodeIgniter\Session\Handlers\RedisHandler' driver.
INFO - 2024-03-19 17:05:06 --> Session: Class initialized using 'CodeIgniter\Session\Handlers\RedisHandler' driver.
INFO - 2024-03-19 17:05:06 --> Session: Class initialized using 'CodeIgniter\Session\Handlers\RedisHandler' driver.
INFO - 2024-03-19 17:05:21 --> Session: Class initialized using 'CodeIgniter\Session\Handlers\RedisHandler' driver.
INFO - 2024-03-19 17:05:21 --> Session: Class initialized using 'CodeIgniter\Session\Handlers\RedisHandler' driver.
INFO - 2024-03-19 17:05:35 --> Session: Class initialized using 'CodeIgniter\Session\Handlers\RedisHandler' driver.
INFO - 2024-03-19 17:05:35 --> Session: Class initialized using 'CodeIgniter\Session\Handlers\RedisHandler' driver.
INFO - 2024-03-19 17:05:42 --> Session: Class initialized using 'CodeIgniter\Session\Handlers\RedisHandler' driver.
INFO - 2024-03-19 17:05:42 --> Session: Class initialized using 'CodeIgniter\Session\Handlers\RedisHandler' driver.
INFO - 2024-03-19 17:05:47 --> Session: Class initialized using 'CodeIgniter\Session\Handlers\RedisHandler' driver.
INFO - 2024-03-19 17:05:47 --> Session: Class initialized using 'CodeIgniter\Session\Handlers\RedisHandler' driver.
INFO - 2024-03-19 17:07:58 --> Session: Class initialized using 'CodeIgniter\Session\Handlers\RedisHandler' driver.
INFO - 2024-03-19 17:07:58 --> Session: Class initialized using 'CodeIgniter\Session\Handlers\RedisHandler' driver.
INFO - 2024-03-19 17:08:55 --> Session: Class initialized using 'CodeIgniter\Session\Handlers\RedisHandler' driver.
INFO - 2024-03-19 17:08:55 --> Session: Class initialized using 'CodeIgniter\Session\Handlers\RedisHandler' driver.
INFO - 2024-03-19 17:09:02 --> Session: Class initialized using 'CodeIgniter\Session\Handlers\RedisHandler' driver.
INFO - 2024-03-19 17:09:03 --> Session: Class initialized using 'CodeIgniter\Session\Handlers\RedisHandler' driver.
INFO - 2024-03-19 17:09:10 --> Session: Class initialized using 'CodeIgniter\Session\Handlers\RedisHandler' driver.
INFO - 2024-03-19 17:09:10 --> Session: Class initialized using 'CodeIgniter\Session\Handlers\RedisHandler' driver.
INFO - 2024-03-19 17:09:31 --> Session: Class initialized using 'CodeIgniter\Session\Handlers\RedisHandler' driver.
INFO - 2024-03-19 17:09:31 --> Session: Class initialized using 'CodeIgniter\Session\Handlers\RedisHandler' driver.
INFO - 2024-03-19 17:09:37 --> Session: Class initialized using 'CodeIgniter\Session\Handlers\RedisHandler' driver.
INFO - 2024-03-19 17:09:37 --> Session: Class initialized using 'CodeIgniter\Session\Handlers\RedisHandler' driver.
INFO - 2024-03-19 17:09:38 --> Session: Class initialized using 'CodeIgniter\Session\Handlers\RedisHandler' driver.
INFO - 2024-03-19 17:09:38 --> Session: Class initialized using 'CodeIgniter\Session\Handlers\RedisHandler' driver.
INFO - 2024-03-19 17:09:41 --> Session: Class initialized using 'CodeIgniter\Session\Handlers\RedisHandler' driver.
INFO - 2024-03-19 17:09:41 --> Session: Class initialized using 'CodeIgniter\Session\Handlers\RedisHandler' driver.
INFO - 2024-03-19 17:09:45 --> Session: Class initialized using 'CodeIgniter\Session\Handlers\RedisHandler' driver.
INFO - 2024-03-19 17:09:45 --> Session: Class initialized using 'CodeIgniter\Session\Handlers\RedisHandler' driver.
INFO - 2024-03-19 17:09:55 --> Session: Class initialized using 'CodeIgniter\Session\Handlers\RedisHandler' driver.
INFO - 2024-03-19 17:09:55 --> Session: Class initialized using 'CodeIgniter\Session\Handlers\RedisHandler' driver.
INFO - 2024-03-19 17:10:00 --> Session: Class initialized using 'CodeIgniter\Session\Handlers\RedisHandler' driver.
INFO - 2024-03-19 17:10:00 --> Session: Class initialized using 'CodeIgniter\Session\Handlers\RedisHandler' driver.
INFO - 2024-03-19 17:10:05 --> Session: Class initialized using 'CodeIgniter\Session\Handlers\RedisHandler' driver.
INFO - 2024-03-19 17:10:05 --> Session: Class initialized using 'CodeIgniter\Session\Handlers\RedisHandler' driver.
INFO - 2024-03-19 17:10:06 --> Session: Class initialized using 'CodeIgniter\Session\Handlers\RedisHandler' driver.
INFO - 2024-03-19 17:10:06 --> Session: Class initialized using 'CodeIgniter\Session\Handlers\RedisHandler' driver.
INFO - 2024-03-19 17:10:22 --> Session: Class initialized using 'CodeIgniter\Session\Handlers\RedisHandler' driver.
INFO - 2024-03-19 17:10:22 --> Session: Class initialized using 'CodeIgniter\Session\Handlers\RedisHandler' driver.
INFO - 2024-03-19 17:10:51 --> Session: Class initialized using 'CodeIgniter\Session\Handlers\RedisHandler' driver.
INFO - 2024-03-19 17:10:51 --> Session: Class initialized using 'CodeIgniter\Session\Handlers\RedisHandler' driver.
INFO - 2024-03-19 17:11:24 --> Session: Class initialized using 'CodeIgniter\Session\Handlers\RedisHandler' driver.
INFO - 2024-03-19 17:11:24 --> Session: Class initialized using 'CodeIgniter\Session\Handlers\RedisHandler' driver.
