DEBUG - 2024-03-15 14:44:29 --> Session: Initialization under CLI aborted.
INFO - 2024-03-15 14:45:37 --> Session: Class initialized using 'CodeIgniter\Session\Handlers\RedisHandler' driver.
INFO - 2024-03-15 14:45:37 --> Session: Class initialized using 'CodeIgniter\Session\Handlers\RedisHandler' driver.
INFO - 2024-03-15 14:45:37 --> Session: Class initialized using 'CodeIgniter\Session\Handlers\RedisHandler' driver.
INFO - 2024-03-15 14:45:40 --> Session: Class initialized using 'CodeIgniter\Session\Handlers\RedisHandler' driver.
INFO - 2024-03-15 14:45:40 --> Session: Class initialized using 'CodeIgniter\Session\Handlers\RedisHandler' driver.
INFO - 2024-03-15 14:45:40 --> Session: Class initialized using 'CodeIgniter\Session\Handlers\RedisHandler' driver.
INFO - 2024-03-15 14:45:40 --> Session: Class initialized using 'CodeIgniter\Session\Handlers\RedisHandler' driver.
INFO - 2024-03-15 14:45:40 --> Session: Class initialized using 'CodeIgniter\Session\Handlers\RedisHandler' driver.
INFO - 2024-03-15 14:45:40 --> Session: Class initialized using 'CodeIgniter\Session\Handlers\RedisHandler' driver.
INFO - 2024-03-15 14:45:41 --> Session: Class initialized using 'CodeIgniter\Session\Handlers\RedisHandler' driver.
INFO - 2024-03-15 14:45:41 --> Session: Class initialized using 'CodeIgniter\Session\Handlers\RedisHandler' driver.
INFO - 2024-03-15 14:45:42 --> Session: Class initialized using 'CodeIgniter\Session\Handlers\RedisHandler' driver.
INFO - 2024-03-15 14:45:42 --> Session: Class initialized using 'CodeIgniter\Session\Handlers\RedisHandler' driver.
INFO - 2024-03-15 14:45:42 --> Session: Class initialized using 'CodeIgniter\Session\Handlers\RedisHandler' driver.
INFO - 2024-03-15 14:45:42 --> Session: Class initialized using 'CodeIgniter\Session\Handlers\RedisHandler' driver.
INFO - 2024-03-15 14:45:42 --> Session: Class initialized using 'CodeIgniter\Session\Handlers\RedisHandler' driver.
INFO - 2024-03-15 14:45:42 --> Session: Class initialized using 'CodeIgniter\Session\Handlers\RedisHandler' driver.
INFO - 2024-03-15 14:45:45 --> Session: Class initialized using 'CodeIgniter\Session\Handlers\RedisHandler' driver.
INFO - 2024-03-15 14:45:45 --> Session: Class initialized using 'CodeIgniter\Session\Handlers\RedisHandler' driver.
INFO - 2024-03-15 14:45:45 --> Session: Class initialized using 'CodeIgniter\Session\Handlers\RedisHandler' driver.
INFO - 2024-03-15 14:45:45 --> Session: Class initialized using 'CodeIgniter\Session\Handlers\RedisHandler' driver.
INFO - 2024-03-15 14:45:45 --> Session: Class initialized using 'CodeIgniter\Session\Handlers\RedisHandler' driver.
INFO - 2024-03-15 14:45:45 --> Session: Class initialized using 'CodeIgniter\Session\Handlers\RedisHandler' driver.
INFO - 2024-03-15 14:45:45 --> Session: Class initialized using 'CodeIgniter\Session\Handlers\RedisHandler' driver.
INFO - 2024-03-15 14:45:45 --> Session: Class initialized using 'CodeIgniter\Session\Handlers\RedisHandler' driver.
INFO - 2024-03-15 14:45:45 --> Session: Class initialized using 'CodeIgniter\Session\Handlers\RedisHandler' driver.
INFO - 2024-03-15 14:45:45 --> Session: Class initialized using 'CodeIgniter\Session\Handlers\RedisHandler' driver.
INFO - 2024-03-15 14:45:45 --> Session: Class initialized using 'CodeIgniter\Session\Handlers\RedisHandler' driver.
INFO - 2024-03-15 14:45:45 --> Session: Class initialized using 'CodeIgniter\Session\Handlers\RedisHandler' driver.
INFO - 2024-03-15 14:45:47 --> Session: Class initialized using 'CodeIgniter\Session\Handlers\RedisHandler' driver.
INFO - 2024-03-15 14:45:47 --> Session: Class initialized using 'CodeIgniter\Session\Handlers\RedisHandler' driver.
INFO - 2024-03-15 14:45:47 --> Session: Class initialized using 'CodeIgniter\Session\Handlers\RedisHandler' driver.
INFO - 2024-03-15 14:45:47 --> Session: Class initialized using 'CodeIgniter\Session\Handlers\RedisHandler' driver.
INFO - 2024-03-15 14:45:47 --> Session: Class initialized using 'CodeIgniter\Session\Handlers\RedisHandler' driver.
INFO - 2024-03-15 14:45:47 --> Session: Class initialized using 'CodeIgniter\Session\Handlers\RedisHandler' driver.
INFO - 2024-03-15 14:45:50 --> Session: Class initialized using 'CodeIgniter\Session\Handlers\RedisHandler' driver.
INFO - 2024-03-15 14:45:50 --> Session: Class initialized using 'CodeIgniter\Session\Handlers\RedisHandler' driver.
INFO - 2024-03-15 14:45:50 --> Session: Class initialized using 'CodeIgniter\Session\Handlers\RedisHandler' driver.
INFO - 2024-03-15 14:45:50 --> Session: Class initialized using 'CodeIgniter\Session\Handlers\RedisHandler' driver.
INFO - 2024-03-15 14:45:50 --> Session: Class initialized using 'CodeIgniter\Session\Handlers\RedisHandler' driver.
INFO - 2024-03-15 14:45:50 --> Session: Class initialized using 'CodeIgniter\Session\Handlers\RedisHandler' driver.
INFO - 2024-03-15 14:45:53 --> Session: Class initialized using 'CodeIgniter\Session\Handlers\RedisHandler' driver.
INFO - 2024-03-15 14:45:53 --> Session: Class initialized using 'CodeIgniter\Session\Handlers\RedisHandler' driver.
INFO - 2024-03-15 14:45:53 --> Session: Class initialized using 'CodeIgniter\Session\Handlers\RedisHandler' driver.
INFO - 2024-03-15 14:45:53 --> Session: Class initialized using 'CodeIgniter\Session\Handlers\RedisHandler' driver.
INFO - 2024-03-15 14:45:53 --> Session: Class initialized using 'CodeIgniter\Session\Handlers\RedisHandler' driver.
INFO - 2024-03-15 14:45:53 --> Session: Class initialized using 'CodeIgniter\Session\Handlers\RedisHandler' driver.
INFO - 2024-03-15 14:45:55 --> Session: Class initialized using 'CodeIgniter\Session\Handlers\RedisHandler' driver.
INFO - 2024-03-15 14:45:55 --> Session: Class initialized using 'CodeIgniter\Session\Handlers\RedisHandler' driver.
INFO - 2024-03-15 14:45:55 --> Session: Class initialized using 'CodeIgniter\Session\Handlers\RedisHandler' driver.
INFO - 2024-03-15 14:45:55 --> Session: Class initialized using 'CodeIgniter\Session\Handlers\RedisHandler' driver.
INFO - 2024-03-15 14:45:55 --> Session: Class initialized using 'CodeIgniter\Session\Handlers\RedisHandler' driver.
INFO - 2024-03-15 14:45:55 --> Session: Class initialized using 'CodeIgniter\Session\Handlers\RedisHandler' driver.
INFO - 2024-03-15 14:45:58 --> Session: Class initialized using 'CodeIgniter\Session\Handlers\RedisHandler' driver.
INFO - 2024-03-15 14:45:58 --> Session: Class initialized using 'CodeIgniter\Session\Handlers\RedisHandler' driver.
INFO - 2024-03-15 14:45:58 --> Session: Class initialized using 'CodeIgniter\Session\Handlers\RedisHandler' driver.
INFO - 2024-03-15 14:45:58 --> Session: Class initialized using 'CodeIgniter\Session\Handlers\RedisHandler' driver.
INFO - 2024-03-15 14:45:58 --> Session: Class initialized using 'CodeIgniter\Session\Handlers\RedisHandler' driver.
INFO - 2024-03-15 14:45:58 --> Session: Class initialized using 'CodeIgniter\Session\Handlers\RedisHandler' driver.
INFO - 2024-03-15 14:45:58 --> Session: Class initialized using 'CodeIgniter\Session\Handlers\RedisHandler' driver.
INFO - 2024-03-15 14:45:58 --> Session: Class initialized using 'CodeIgniter\Session\Handlers\RedisHandler' driver.
INFO - 2024-03-15 14:45:58 --> Session: Class initialized using 'CodeIgniter\Session\Handlers\RedisHandler' driver.
INFO - 2024-03-15 14:45:58 --> Session: Class initialized using 'CodeIgniter\Session\Handlers\RedisHandler' driver.
INFO - 2024-03-15 14:45:58 --> Session: Class initialized using 'CodeIgniter\Session\Handlers\RedisHandler' driver.
INFO - 2024-03-15 14:45:58 --> Session: Class initialized using 'CodeIgniter\Session\Handlers\RedisHandler' driver.
INFO - 2024-03-15 14:46:00 --> Session: Class initialized using 'CodeIgniter\Session\Handlers\RedisHandler' driver.
INFO - 2024-03-15 14:46:00 --> Session: Class initialized using 'CodeIgniter\Session\Handlers\RedisHandler' driver.
INFO - 2024-03-15 14:46:00 --> Session: Class initialized using 'CodeIgniter\Session\Handlers\RedisHandler' driver.
INFO - 2024-03-15 14:46:00 --> Session: Class initialized using 'CodeIgniter\Session\Handlers\RedisHandler' driver.
INFO - 2024-03-15 14:46:00 --> Session: Class initialized using 'CodeIgniter\Session\Handlers\RedisHandler' driver.
INFO - 2024-03-15 14:46:00 --> Session: Class initialized using 'CodeIgniter\Session\Handlers\RedisHandler' driver.
INFO - 2024-03-15 14:46:12 --> Session: Class initialized using 'CodeIgniter\Session\Handlers\RedisHandler' driver.
INFO - 2024-03-15 14:46:15 --> Session: Class initialized using 'CodeIgniter\Session\Handlers\RedisHandler' driver.
INFO - 2024-03-15 14:46:15 --> Session: Class initialized using 'CodeIgniter\Session\Handlers\RedisHandler' driver.
CRITICAL - 2024-03-15 14:46:15 --> ErrorException: Undefined array key "page"
in APPPATH/Models/Content/Video.php on line 122.
 1 APPPATH/Models/Content/Video.php(122): CodeIgniter\Debug\Exceptions->errorHandler(2, 'Undefined array key "page"', '/Users/sempakkoyak/www/poster/admin/app/Models/Content/Video.php', 122)
 2 APPPATH/Models/Content/Video.php(107): App\Models\Content\Video->prepareListContent([...])
 3 APPPATH/Controllers/Content/Video.php(96): App\Models\Content\Video->getData([...])
 4 SYSTEMPATH/CodeIgniter.php(941): App\Controllers\Content\Video->getData()
 5 SYSTEMPATH/CodeIgniter.php(502): CodeIgniter\CodeIgniter->runController(Object(App\Controllers\Content\Video))
 6 SYSTEMPATH/CodeIgniter.php(361): CodeIgniter\CodeIgniter->handleRequest(null, Object(Config\Cache), false)
 7 FCPATH/index.php(81): CodeIgniter\CodeIgniter->run()
 8 SYSTEMPATH/Commands/Server/rewrite.php(47): require_once('/Users/sempakkoyak/www/poster/admin/public/index.php')
INFO - 2024-03-15 14:46:16 --> Session: Class initialized using 'CodeIgniter\Session\Handlers\RedisHandler' driver.
INFO - 2024-03-15 14:46:16 --> Session: Class initialized using 'CodeIgniter\Session\Handlers\RedisHandler' driver.
INFO - 2024-03-15 14:46:20 --> Session: Class initialized using 'CodeIgniter\Session\Handlers\RedisHandler' driver.
INFO - 2024-03-15 14:46:20 --> Session: Class initialized using 'CodeIgniter\Session\Handlers\RedisHandler' driver.
INFO - 2024-03-15 14:46:20 --> Session: Class initialized using 'CodeIgniter\Session\Handlers\RedisHandler' driver.
INFO - 2024-03-15 14:46:20 --> Session: Class initialized using 'CodeIgniter\Session\Handlers\RedisHandler' driver.
INFO - 2024-03-15 14:46:20 --> Session: Class initialized using 'CodeIgniter\Session\Handlers\RedisHandler' driver.
INFO - 2024-03-15 14:46:20 --> Session: Class initialized using 'CodeIgniter\Session\Handlers\RedisHandler' driver.
INFO - 2024-03-15 14:46:48 --> Session: Class initialized using 'CodeIgniter\Session\Handlers\RedisHandler' driver.
INFO - 2024-03-15 14:48:08 --> Session: Class initialized using 'CodeIgniter\Session\Handlers\RedisHandler' driver.
INFO - 2024-03-15 14:48:08 --> Session: Class initialized using 'CodeIgniter\Session\Handlers\RedisHandler' driver.
INFO - 2024-03-15 14:48:08 --> Session: Class initialized using 'CodeIgniter\Session\Handlers\RedisHandler' driver.
INFO - 2024-03-15 14:48:08 --> Session: Class initialized using 'CodeIgniter\Session\Handlers\RedisHandler' driver.
INFO - 2024-03-15 14:48:08 --> Session: Class initialized using 'CodeIgniter\Session\Handlers\RedisHandler' driver.
INFO - 2024-03-15 14:48:08 --> Session: Class initialized using 'CodeIgniter\Session\Handlers\RedisHandler' driver.
INFO - 2024-03-15 14:48:09 --> Session: Class initialized using 'CodeIgniter\Session\Handlers\RedisHandler' driver.
INFO - 2024-03-15 14:48:10 --> Session: Class initialized using 'CodeIgniter\Session\Handlers\RedisHandler' driver.
INFO - 2024-03-15 14:48:10 --> Session: Class initialized using 'CodeIgniter\Session\Handlers\RedisHandler' driver.
INFO - 2024-03-15 14:48:11 --> Session: Class initialized using 'CodeIgniter\Session\Handlers\RedisHandler' driver.
INFO - 2024-03-15 14:48:11 --> Session: Class initialized using 'CodeIgniter\Session\Handlers\RedisHandler' driver.
INFO - 2024-03-15 14:48:11 --> Session: Class initialized using 'CodeIgniter\Session\Handlers\RedisHandler' driver.
INFO - 2024-03-15 14:48:11 --> Session: Class initialized using 'CodeIgniter\Session\Handlers\RedisHandler' driver.
INFO - 2024-03-15 14:48:13 --> Session: Class initialized using 'CodeIgniter\Session\Handlers\RedisHandler' driver.
INFO - 2024-03-15 14:49:35 --> Session: Class initialized using 'CodeIgniter\Session\Handlers\RedisHandler' driver.
INFO - 2024-03-15 14:49:45 --> Session: Class initialized using 'CodeIgniter\Session\Handlers\RedisHandler' driver.
INFO - 2024-03-15 14:49:45 --> Session: Class initialized using 'CodeIgniter\Session\Handlers\RedisHandler' driver.
INFO - 2024-03-15 14:49:45 --> Session: Class initialized using 'CodeIgniter\Session\Handlers\RedisHandler' driver.
INFO - 2024-03-15 14:49:47 --> Session: Class initialized using 'CodeIgniter\Session\Handlers\RedisHandler' driver.
INFO - 2024-03-15 14:49:48 --> Session: Class initialized using 'CodeIgniter\Session\Handlers\RedisHandler' driver.
INFO - 2024-03-15 14:50:21 --> Session: Class initialized using 'CodeIgniter\Session\Handlers\RedisHandler' driver.
INFO - 2024-03-15 14:50:25 --> Session: Class initialized using 'CodeIgniter\Session\Handlers\RedisHandler' driver.
INFO - 2024-03-15 14:50:25 --> Session: Class initialized using 'CodeIgniter\Session\Handlers\RedisHandler' driver.
INFO - 2024-03-15 14:50:25 --> Session: Class initialized using 'CodeIgniter\Session\Handlers\RedisHandler' driver.
INFO - 2024-03-15 14:50:34 --> Session: Class initialized using 'CodeIgniter\Session\Handlers\RedisHandler' driver.
INFO - 2024-03-15 14:50:34 --> Session: Class initialized using 'CodeIgniter\Session\Handlers\RedisHandler' driver.
INFO - 2024-03-15 14:50:37 --> Session: Class initialized using 'CodeIgniter\Session\Handlers\RedisHandler' driver.
INFO - 2024-03-15 14:50:39 --> Session: Class initialized using 'CodeIgniter\Session\Handlers\RedisHandler' driver.
INFO - 2024-03-15 14:50:39 --> Session: Class initialized using 'CodeIgniter\Session\Handlers\RedisHandler' driver.
INFO - 2024-03-15 14:50:39 --> Session: Class initialized using 'CodeIgniter\Session\Handlers\RedisHandler' driver.
INFO - 2024-03-15 14:50:42 --> Session: Class initialized using 'CodeIgniter\Session\Handlers\RedisHandler' driver.
INFO - 2024-03-15 14:50:42 --> Session: Class initialized using 'CodeIgniter\Session\Handlers\RedisHandler' driver.
INFO - 2024-03-15 14:50:42 --> Session: Class initialized using 'CodeIgniter\Session\Handlers\RedisHandler' driver.
INFO - 2024-03-15 14:50:42 --> Session: Class initialized using 'CodeIgniter\Session\Handlers\RedisHandler' driver.
INFO - 2024-03-15 14:50:48 --> Session: Class initialized using 'CodeIgniter\Session\Handlers\RedisHandler' driver.
INFO - 2024-03-15 14:51:55 --> Session: Class initialized using 'CodeIgniter\Session\Handlers\RedisHandler' driver.
INFO - 2024-03-15 14:52:09 --> Session: Class initialized using 'CodeIgniter\Session\Handlers\RedisHandler' driver.
CRITICAL - 2024-03-15 14:52:09 --> TypeError: App\Models\Api::getPlaylist(): Return value must be of type array, int returned
in APPPATH/Models/Api.php on line 36.
 1 APPPATH/Controllers/Api.php(20): App\Models\Api->getPlaylist('PTIPD')
 2 SYSTEMPATH/CodeIgniter.php(941): App\Controllers\Api->playlist('PTIPD')
 3 SYSTEMPATH/CodeIgniter.php(502): CodeIgniter\CodeIgniter->runController(Object(App\Controllers\Api))
 4 SYSTEMPATH/CodeIgniter.php(361): CodeIgniter\CodeIgniter->handleRequest(null, Object(Config\Cache), false)
 5 FCPATH/index.php(81): CodeIgniter\CodeIgniter->run()
 6 SYSTEMPATH/Commands/Server/rewrite.php(47): require_once('/Users/sempakkoyak/www/poster/admin/public/index.php')
INFO - 2024-03-15 14:52:26 --> Session: Class initialized using 'CodeIgniter\Session\Handlers\RedisHandler' driver.
INFO - 2024-03-15 14:52:50 --> Session: Class initialized using 'CodeIgniter\Session\Handlers\RedisHandler' driver.
INFO - 2024-03-15 14:53:14 --> Session: Class initialized using 'CodeIgniter\Session\Handlers\RedisHandler' driver.
INFO - 2024-03-15 14:53:25 --> Session: Class initialized using 'CodeIgniter\Session\Handlers\RedisHandler' driver.
INFO - 2024-03-15 14:53:30 --> Session: Class initialized using 'CodeIgniter\Session\Handlers\RedisHandler' driver.
INFO - 2024-03-15 14:54:06 --> Session: Class initialized using 'CodeIgniter\Session\Handlers\RedisHandler' driver.
INFO - 2024-03-15 14:54:19 --> Session: Class initialized using 'CodeIgniter\Session\Handlers\RedisHandler' driver.
INFO - 2024-03-15 14:54:29 --> Session: Class initialized using 'CodeIgniter\Session\Handlers\RedisHandler' driver.
INFO - 2024-03-15 14:54:35 --> Session: Class initialized using 'CodeIgniter\Session\Handlers\RedisHandler' driver.
INFO - 2024-03-15 14:54:45 --> Session: Class initialized using 'CodeIgniter\Session\Handlers\RedisHandler' driver.
INFO - 2024-03-15 14:54:52 --> Session: Class initialized using 'CodeIgniter\Session\Handlers\RedisHandler' driver.
INFO - 2024-03-15 14:55:18 --> Session: Class initialized using 'CodeIgniter\Session\Handlers\RedisHandler' driver.
INFO - 2024-03-15 14:55:45 --> Session: Class initialized using 'CodeIgniter\Session\Handlers\RedisHandler' driver.
INFO - 2024-03-15 14:55:52 --> Session: Class initialized using 'CodeIgniter\Session\Handlers\RedisHandler' driver.
INFO - 2024-03-15 14:56:02 --> Session: Class initialized using 'CodeIgniter\Session\Handlers\RedisHandler' driver.
INFO - 2024-03-15 14:56:08 --> Session: Class initialized using 'CodeIgniter\Session\Handlers\RedisHandler' driver.
INFO - 2024-03-15 14:56:24 --> Session: Class initialized using 'CodeIgniter\Session\Handlers\RedisHandler' driver.
INFO - 2024-03-15 14:56:56 --> Session: Class initialized using 'CodeIgniter\Session\Handlers\RedisHandler' driver.
INFO - 2024-03-15 14:57:02 --> Session: Class initialized using 'CodeIgniter\Session\Handlers\RedisHandler' driver.
INFO - 2024-03-15 14:57:24 --> Session: Class initialized using 'CodeIgniter\Session\Handlers\RedisHandler' driver.
INFO - 2024-03-15 14:57:38 --> Session: Class initialized using 'CodeIgniter\Session\Handlers\RedisHandler' driver.
INFO - 2024-03-15 14:58:14 --> Session: Class initialized using 'CodeIgniter\Session\Handlers\RedisHandler' driver.
INFO - 2024-03-15 14:58:41 --> Session: Class initialized using 'CodeIgniter\Session\Handlers\RedisHandler' driver.
INFO - 2024-03-15 14:59:03 --> Session: Class initialized using 'CodeIgniter\Session\Handlers\RedisHandler' driver.
INFO - 2024-03-15 14:59:11 --> Session: Class initialized using 'CodeIgniter\Session\Handlers\RedisHandler' driver.
INFO - 2024-03-15 14:59:16 --> Session: Class initialized using 'CodeIgniter\Session\Handlers\RedisHandler' driver.
INFO - 2024-03-15 15:02:25 --> Session: Class initialized using 'CodeIgniter\Session\Handlers\RedisHandler' driver.
INFO - 2024-03-15 15:03:40 --> Session: Class initialized using 'CodeIgniter\Session\Handlers\RedisHandler' driver.
INFO - 2024-03-15 15:04:32 --> Session: Class initialized using 'CodeIgniter\Session\Handlers\RedisHandler' driver.
INFO - 2024-03-15 15:04:35 --> Session: Class initialized using 'CodeIgniter\Session\Handlers\RedisHandler' driver.
INFO - 2024-03-15 15:05:10 --> Session: Class initialized using 'CodeIgniter\Session\Handlers\RedisHandler' driver.
INFO - 2024-03-15 15:05:52 --> Session: Class initialized using 'CodeIgniter\Session\Handlers\RedisHandler' driver.
INFO - 2024-03-15 15:06:05 --> Session: Class initialized using 'CodeIgniter\Session\Handlers\RedisHandler' driver.
INFO - 2024-03-15 15:06:09 --> Session: Class initialized using 'CodeIgniter\Session\Handlers\RedisHandler' driver.
INFO - 2024-03-15 15:06:33 --> Session: Class initialized using 'CodeIgniter\Session\Handlers\RedisHandler' driver.
INFO - 2024-03-15 15:08:36 --> Session: Class initialized using 'CodeIgniter\Session\Handlers\RedisHandler' driver.
INFO - 2024-03-15 15:09:10 --> Session: Class initialized using 'CodeIgniter\Session\Handlers\RedisHandler' driver.
INFO - 2024-03-15 15:09:16 --> Session: Class initialized using 'CodeIgniter\Session\Handlers\RedisHandler' driver.
INFO - 2024-03-15 15:09:26 --> Session: Class initialized using 'CodeIgniter\Session\Handlers\RedisHandler' driver.
INFO - 2024-03-15 15:09:33 --> Session: Class initialized using 'CodeIgniter\Session\Handlers\RedisHandler' driver.
INFO - 2024-03-15 15:10:47 --> Session: Class initialized using 'CodeIgniter\Session\Handlers\RedisHandler' driver.
INFO - 2024-03-15 15:12:30 --> Session: Class initialized using 'CodeIgniter\Session\Handlers\RedisHandler' driver.
INFO - 2024-03-15 15:12:45 --> Session: Class initialized using 'CodeIgniter\Session\Handlers\RedisHandler' driver.
INFO - 2024-03-15 15:14:54 --> Session: Class initialized using 'CodeIgniter\Session\Handlers\RedisHandler' driver.
INFO - 2024-03-15 15:15:14 --> Session: Class initialized using 'CodeIgniter\Session\Handlers\RedisHandler' driver.
INFO - 2024-03-15 15:17:33 --> Session: Class initialized using 'CodeIgniter\Session\Handlers\RedisHandler' driver.
INFO - 2024-03-15 15:17:51 --> Session: Class initialized using 'CodeIgniter\Session\Handlers\RedisHandler' driver.
INFO - 2024-03-15 15:17:56 --> Session: Class initialized using 'CodeIgniter\Session\Handlers\RedisHandler' driver.
INFO - 2024-03-15 15:18:25 --> Session: Class initialized using 'CodeIgniter\Session\Handlers\RedisHandler' driver.
INFO - 2024-03-15 15:18:38 --> Session: Class initialized using 'CodeIgniter\Session\Handlers\RedisHandler' driver.
INFO - 2024-03-15 15:18:53 --> Session: Class initialized using 'CodeIgniter\Session\Handlers\RedisHandler' driver.
INFO - 2024-03-15 15:19:11 --> Session: Class initialized using 'CodeIgniter\Session\Handlers\RedisHandler' driver.
INFO - 2024-03-15 15:19:31 --> Session: Class initialized using 'CodeIgniter\Session\Handlers\RedisHandler' driver.
INFO - 2024-03-15 15:19:41 --> Session: Class initialized using 'CodeIgniter\Session\Handlers\RedisHandler' driver.
INFO - 2024-03-15 15:19:41 --> Session: Class initialized using 'CodeIgniter\Session\Handlers\RedisHandler' driver.
INFO - 2024-03-15 15:19:41 --> Session: Class initialized using 'CodeIgniter\Session\Handlers\RedisHandler' driver.
INFO - 2024-03-15 15:19:43 --> Session: Class initialized using 'CodeIgniter\Session\Handlers\RedisHandler' driver.
INFO - 2024-03-15 15:19:46 --> Session: Class initialized using 'CodeIgniter\Session\Handlers\RedisHandler' driver.
INFO - 2024-03-15 15:19:46 --> Session: Class initialized using 'CodeIgniter\Session\Handlers\RedisHandler' driver.
INFO - 2024-03-15 15:19:46 --> Session: Class initialized using 'CodeIgniter\Session\Handlers\RedisHandler' driver.
INFO - 2024-03-15 15:19:48 --> Session: Class initialized using 'CodeIgniter\Session\Handlers\RedisHandler' driver.
INFO - 2024-03-15 15:19:59 --> Session: Class initialized using 'CodeIgniter\Session\Handlers\RedisHandler' driver.
INFO - 2024-03-15 15:20:21 --> Session: Class initialized using 'CodeIgniter\Session\Handlers\RedisHandler' driver.
INFO - 2024-03-15 15:20:46 --> Session: Class initialized using 'CodeIgniter\Session\Handlers\RedisHandler' driver.
INFO - 2024-03-15 15:20:54 --> Session: Class initialized using 'CodeIgniter\Session\Handlers\RedisHandler' driver.
INFO - 2024-03-15 15:21:18 --> Session: Class initialized using 'CodeIgniter\Session\Handlers\RedisHandler' driver.
INFO - 2024-03-15 15:21:48 --> Session: Class initialized using 'CodeIgniter\Session\Handlers\RedisHandler' driver.
INFO - 2024-03-15 15:23:06 --> Session: Class initialized using 'CodeIgniter\Session\Handlers\RedisHandler' driver.
INFO - 2024-03-15 15:23:18 --> Session: Class initialized using 'CodeIgniter\Session\Handlers\RedisHandler' driver.
INFO - 2024-03-15 15:23:57 --> Session: Class initialized using 'CodeIgniter\Session\Handlers\RedisHandler' driver.
INFO - 2024-03-15 15:24:51 --> Session: Class initialized using 'CodeIgniter\Session\Handlers\RedisHandler' driver.
INFO - 2024-03-15 15:24:56 --> Session: Class initialized using 'CodeIgniter\Session\Handlers\RedisHandler' driver.
INFO - 2024-03-15 15:25:12 --> Session: Class initialized using 'CodeIgniter\Session\Handlers\RedisHandler' driver.
INFO - 2024-03-15 15:26:09 --> Session: Class initialized using 'CodeIgniter\Session\Handlers\RedisHandler' driver.
INFO - 2024-03-15 15:26:55 --> Session: Class initialized using 'CodeIgniter\Session\Handlers\RedisHandler' driver.
INFO - 2024-03-15 15:27:19 --> Session: Class initialized using 'CodeIgniter\Session\Handlers\RedisHandler' driver.
INFO - 2024-03-15 15:27:37 --> Session: Class initialized using 'CodeIgniter\Session\Handlers\RedisHandler' driver.
INFO - 2024-03-15 15:28:12 --> Session: Class initialized using 'CodeIgniter\Session\Handlers\RedisHandler' driver.
INFO - 2024-03-15 15:28:34 --> Session: Class initialized using 'CodeIgniter\Session\Handlers\RedisHandler' driver.
INFO - 2024-03-15 15:29:20 --> Session: Class initialized using 'CodeIgniter\Session\Handlers\RedisHandler' driver.
INFO - 2024-03-15 15:29:25 --> Session: Class initialized using 'CodeIgniter\Session\Handlers\RedisHandler' driver.
INFO - 2024-03-15 15:29:36 --> Session: Class initialized using 'CodeIgniter\Session\Handlers\RedisHandler' driver.
INFO - 2024-03-15 15:29:56 --> Session: Class initialized using 'CodeIgniter\Session\Handlers\RedisHandler' driver.
INFO - 2024-03-15 15:30:11 --> Session: Class initialized using 'CodeIgniter\Session\Handlers\RedisHandler' driver.
INFO - 2024-03-15 15:31:12 --> Session: Class initialized using 'CodeIgniter\Session\Handlers\RedisHandler' driver.
INFO - 2024-03-15 15:31:24 --> Session: Class initialized using 'CodeIgniter\Session\Handlers\RedisHandler' driver.
INFO - 2024-03-15 15:31:53 --> Session: Class initialized using 'CodeIgniter\Session\Handlers\RedisHandler' driver.
INFO - 2024-03-15 15:32:09 --> Session: Class initialized using 'CodeIgniter\Session\Handlers\RedisHandler' driver.
INFO - 2024-03-15 15:32:56 --> Session: Class initialized using 'CodeIgniter\Session\Handlers\RedisHandler' driver.
INFO - 2024-03-15 15:33:26 --> Session: Class initialized using 'CodeIgniter\Session\Handlers\RedisHandler' driver.
INFO - 2024-03-15 15:34:09 --> Session: Class initialized using 'CodeIgniter\Session\Handlers\RedisHandler' driver.
INFO - 2024-03-15 15:34:44 --> Session: Class initialized using 'CodeIgniter\Session\Handlers\RedisHandler' driver.
INFO - 2024-03-15 15:34:49 --> Session: Class initialized using 'CodeIgniter\Session\Handlers\RedisHandler' driver.
INFO - 2024-03-15 15:35:15 --> Session: Class initialized using 'CodeIgniter\Session\Handlers\RedisHandler' driver.
INFO - 2024-03-15 15:36:07 --> Session: Class initialized using 'CodeIgniter\Session\Handlers\RedisHandler' driver.
INFO - 2024-03-15 15:36:28 --> Session: Class initialized using 'CodeIgniter\Session\Handlers\RedisHandler' driver.
INFO - 2024-03-15 15:36:58 --> Session: Class initialized using 'CodeIgniter\Session\Handlers\RedisHandler' driver.
INFO - 2024-03-15 15:37:56 --> Session: Class initialized using 'CodeIgniter\Session\Handlers\RedisHandler' driver.
INFO - 2024-03-15 15:37:57 --> Session: Class initialized using 'CodeIgniter\Session\Handlers\RedisHandler' driver.
INFO - 2024-03-15 15:38:13 --> Session: Class initialized using 'CodeIgniter\Session\Handlers\RedisHandler' driver.
INFO - 2024-03-15 15:38:16 --> Session: Class initialized using 'CodeIgniter\Session\Handlers\RedisHandler' driver.
INFO - 2024-03-15 15:38:16 --> Session: Class initialized using 'CodeIgniter\Session\Handlers\RedisHandler' driver.
INFO - 2024-03-15 15:38:16 --> Session: Class initialized using 'CodeIgniter\Session\Handlers\RedisHandler' driver.
INFO - 2024-03-15 15:38:20 --> Session: Class initialized using 'CodeIgniter\Session\Handlers\RedisHandler' driver.
INFO - 2024-03-15 15:38:27 --> Session: Class initialized using 'CodeIgniter\Session\Handlers\RedisHandler' driver.
INFO - 2024-03-15 15:38:27 --> Session: Class initialized using 'CodeIgniter\Session\Handlers\RedisHandler' driver.
INFO - 2024-03-15 15:38:27 --> Session: Class initialized using 'CodeIgniter\Session\Handlers\RedisHandler' driver.
INFO - 2024-03-15 15:38:30 --> Session: Class initialized using 'CodeIgniter\Session\Handlers\RedisHandler' driver.
INFO - 2024-03-15 15:38:38 --> Session: Class initialized using 'CodeIgniter\Session\Handlers\RedisHandler' driver.
INFO - 2024-03-15 15:38:41 --> Session: Class initialized using 'CodeIgniter\Session\Handlers\RedisHandler' driver.
INFO - 2024-03-15 15:38:41 --> Session: Class initialized using 'CodeIgniter\Session\Handlers\RedisHandler' driver.
INFO - 2024-03-15 15:38:41 --> Session: Class initialized using 'CodeIgniter\Session\Handlers\RedisHandler' driver.
INFO - 2024-03-15 15:38:43 --> Session: Class initialized using 'CodeIgniter\Session\Handlers\RedisHandler' driver.
INFO - 2024-03-15 15:38:49 --> Session: Class initialized using 'CodeIgniter\Session\Handlers\RedisHandler' driver.
INFO - 2024-03-15 15:38:54 --> Session: Class initialized using 'CodeIgniter\Session\Handlers\RedisHandler' driver.
INFO - 2024-03-15 15:38:54 --> Session: Class initialized using 'CodeIgniter\Session\Handlers\RedisHandler' driver.
INFO - 2024-03-15 15:38:54 --> Session: Class initialized using 'CodeIgniter\Session\Handlers\RedisHandler' driver.
INFO - 2024-03-15 15:38:56 --> Session: Class initialized using 'CodeIgniter\Session\Handlers\RedisHandler' driver.
INFO - 2024-03-15 15:39:14 --> Session: Class initialized using 'CodeIgniter\Session\Handlers\RedisHandler' driver.
INFO - 2024-03-15 15:39:16 --> Session: Class initialized using 'CodeIgniter\Session\Handlers\RedisHandler' driver.
INFO - 2024-03-15 15:39:16 --> Session: Class initialized using 'CodeIgniter\Session\Handlers\RedisHandler' driver.
INFO - 2024-03-15 15:39:16 --> Session: Class initialized using 'CodeIgniter\Session\Handlers\RedisHandler' driver.
INFO - 2024-03-15 15:39:19 --> Session: Class initialized using 'CodeIgniter\Session\Handlers\RedisHandler' driver.
INFO - 2024-03-15 15:39:24 --> Session: Class initialized using 'CodeIgniter\Session\Handlers\RedisHandler' driver.
INFO - 2024-03-15 15:39:29 --> Session: Class initialized using 'CodeIgniter\Session\Handlers\RedisHandler' driver.
INFO - 2024-03-15 15:39:29 --> Session: Class initialized using 'CodeIgniter\Session\Handlers\RedisHandler' driver.
INFO - 2024-03-15 15:39:29 --> Session: Class initialized using 'CodeIgniter\Session\Handlers\RedisHandler' driver.
INFO - 2024-03-15 15:39:32 --> Session: Class initialized using 'CodeIgniter\Session\Handlers\RedisHandler' driver.
INFO - 2024-03-15 15:40:15 --> Session: Class initialized using 'CodeIgniter\Session\Handlers\RedisHandler' driver.
INFO - 2024-03-15 15:40:17 --> Session: Class initialized using 'CodeIgniter\Session\Handlers\RedisHandler' driver.
INFO - 2024-03-15 15:40:17 --> Session: Class initialized using 'CodeIgniter\Session\Handlers\RedisHandler' driver.
INFO - 2024-03-15 15:40:17 --> Session: Class initialized using 'CodeIgniter\Session\Handlers\RedisHandler' driver.
INFO - 2024-03-15 15:40:19 --> Session: Class initialized using 'CodeIgniter\Session\Handlers\RedisHandler' driver.
INFO - 2024-03-15 15:40:54 --> Session: Class initialized using 'CodeIgniter\Session\Handlers\RedisHandler' driver.
INFO - 2024-03-15 15:41:21 --> Session: Class initialized using 'CodeIgniter\Session\Handlers\RedisHandler' driver.
INFO - 2024-03-15 15:41:27 --> Session: Class initialized using 'CodeIgniter\Session\Handlers\RedisHandler' driver.
INFO - 2024-03-15 15:41:49 --> Session: Class initialized using 'CodeIgniter\Session\Handlers\RedisHandler' driver.
INFO - 2024-03-15 15:42:21 --> Session: Class initialized using 'CodeIgniter\Session\Handlers\RedisHandler' driver.
INFO - 2024-03-15 15:42:38 --> Session: Class initialized using 'CodeIgniter\Session\Handlers\RedisHandler' driver.
INFO - 2024-03-15 15:42:48 --> Session: Class initialized using 'CodeIgniter\Session\Handlers\RedisHandler' driver.
INFO - 2024-03-15 15:42:59 --> Session: Class initialized using 'CodeIgniter\Session\Handlers\RedisHandler' driver.
INFO - 2024-03-15 15:43:12 --> Session: Class initialized using 'CodeIgniter\Session\Handlers\RedisHandler' driver.
INFO - 2024-03-15 15:43:33 --> Session: Class initialized using 'CodeIgniter\Session\Handlers\RedisHandler' driver.
INFO - 2024-03-15 15:43:59 --> Session: Class initialized using 'CodeIgniter\Session\Handlers\RedisHandler' driver.
INFO - 2024-03-15 15:44:47 --> Session: Class initialized using 'CodeIgniter\Session\Handlers\RedisHandler' driver.
INFO - 2024-03-15 15:46:29 --> Session: Class initialized using 'CodeIgniter\Session\Handlers\RedisHandler' driver.
INFO - 2024-03-15 15:47:10 --> Session: Class initialized using 'CodeIgniter\Session\Handlers\RedisHandler' driver.
INFO - 2024-03-15 15:47:59 --> Session: Class initialized using 'CodeIgniter\Session\Handlers\RedisHandler' driver.
INFO - 2024-03-15 15:48:44 --> Session: Class initialized using 'CodeIgniter\Session\Handlers\RedisHandler' driver.
INFO - 2024-03-15 15:49:31 --> Session: Class initialized using 'CodeIgniter\Session\Handlers\RedisHandler' driver.
INFO - 2024-03-15 15:50:15 --> Session: Class initialized using 'CodeIgniter\Session\Handlers\RedisHandler' driver.
INFO - 2024-03-15 15:50:57 --> Session: Class initialized using 'CodeIgniter\Session\Handlers\RedisHandler' driver.
INFO - 2024-03-15 15:51:58 --> Session: Class initialized using 'CodeIgniter\Session\Handlers\RedisHandler' driver.
INFO - 2024-03-15 15:52:01 --> Session: Class initialized using 'CodeIgniter\Session\Handlers\RedisHandler' driver.
INFO - 2024-03-15 15:52:01 --> Session: Class initialized using 'CodeIgniter\Session\Handlers\RedisHandler' driver.
INFO - 2024-03-15 15:52:01 --> Session: Class initialized using 'CodeIgniter\Session\Handlers\RedisHandler' driver.
INFO - 2024-03-15 15:52:20 --> Session: Class initialized using 'CodeIgniter\Session\Handlers\RedisHandler' driver.
INFO - 2024-03-15 15:53:37 --> Session: Class initialized using 'CodeIgniter\Session\Handlers\RedisHandler' driver.
INFO - 2024-03-15 15:54:10 --> Session: Class initialized using 'CodeIgniter\Session\Handlers\RedisHandler' driver.
INFO - 2024-03-15 15:54:47 --> Session: Class initialized using 'CodeIgniter\Session\Handlers\RedisHandler' driver.
INFO - 2024-03-15 15:54:58 --> Session: Class initialized using 'CodeIgniter\Session\Handlers\RedisHandler' driver.
INFO - 2024-03-15 15:56:08 --> Session: Class initialized using 'CodeIgniter\Session\Handlers\RedisHandler' driver.
INFO - 2024-03-15 15:56:36 --> Session: Class initialized using 'CodeIgniter\Session\Handlers\RedisHandler' driver.
INFO - 2024-03-15 15:56:44 --> Session: Class initialized using 'CodeIgniter\Session\Handlers\RedisHandler' driver.
INFO - 2024-03-15 15:56:44 --> Session: Class initialized using 'CodeIgniter\Session\Handlers\RedisHandler' driver.
INFO - 2024-03-15 15:56:44 --> Session: Class initialized using 'CodeIgniter\Session\Handlers\RedisHandler' driver.
INFO - 2024-03-15 15:56:47 --> Session: Class initialized using 'CodeIgniter\Session\Handlers\RedisHandler' driver.
INFO - 2024-03-15 15:56:51 --> Session: Class initialized using 'CodeIgniter\Session\Handlers\RedisHandler' driver.
INFO - 2024-03-15 15:56:51 --> Session: Class initialized using 'CodeIgniter\Session\Handlers\RedisHandler' driver.
INFO - 2024-03-15 15:56:51 --> Session: Class initialized using 'CodeIgniter\Session\Handlers\RedisHandler' driver.
INFO - 2024-03-15 15:56:53 --> Session: Class initialized using 'CodeIgniter\Session\Handlers\RedisHandler' driver.
INFO - 2024-03-15 15:57:05 --> Session: Class initialized using 'CodeIgniter\Session\Handlers\RedisHandler' driver.
INFO - 2024-03-15 15:57:06 --> Session: Class initialized using 'CodeIgniter\Session\Handlers\RedisHandler' driver.
INFO - 2024-03-15 15:57:30 --> Session: Class initialized using 'CodeIgniter\Session\Handlers\RedisHandler' driver.
INFO - 2024-03-15 15:57:57 --> Session: Class initialized using 'CodeIgniter\Session\Handlers\RedisHandler' driver.
INFO - 2024-03-15 15:58:20 --> Session: Class initialized using 'CodeIgniter\Session\Handlers\RedisHandler' driver.
INFO - 2024-03-15 15:58:33 --> Session: Class initialized using 'CodeIgniter\Session\Handlers\RedisHandler' driver.
INFO - 2024-03-15 15:58:39 --> Session: Class initialized using 'CodeIgniter\Session\Handlers\RedisHandler' driver.
INFO - 2024-03-15 15:58:47 --> Session: Class initialized using 'CodeIgniter\Session\Handlers\RedisHandler' driver.
INFO - 2024-03-15 15:59:19 --> Session: Class initialized using 'CodeIgniter\Session\Handlers\RedisHandler' driver.
INFO - 2024-03-15 15:59:37 --> Session: Class initialized using 'CodeIgniter\Session\Handlers\RedisHandler' driver.
INFO - 2024-03-15 15:59:55 --> Session: Class initialized using 'CodeIgniter\Session\Handlers\RedisHandler' driver.
INFO - 2024-03-15 16:00:02 --> Session: Class initialized using 'CodeIgniter\Session\Handlers\RedisHandler' driver.
INFO - 2024-03-15 16:00:07 --> Session: Class initialized using 'CodeIgniter\Session\Handlers\RedisHandler' driver.
INFO - 2024-03-15 16:00:29 --> Session: Class initialized using 'CodeIgniter\Session\Handlers\RedisHandler' driver.
INFO - 2024-03-15 16:00:44 --> Session: Class initialized using 'CodeIgniter\Session\Handlers\RedisHandler' driver.
INFO - 2024-03-15 16:02:28 --> Session: Class initialized using 'CodeIgniter\Session\Handlers\RedisHandler' driver.
INFO - 2024-03-15 16:02:39 --> Session: Class initialized using 'CodeIgniter\Session\Handlers\RedisHandler' driver.
INFO - 2024-03-15 16:02:50 --> Session: Class initialized using 'CodeIgniter\Session\Handlers\RedisHandler' driver.
INFO - 2024-03-15 16:02:53 --> Session: Class initialized using 'CodeIgniter\Session\Handlers\RedisHandler' driver.
INFO - 2024-03-15 16:03:36 --> Session: Class initialized using 'CodeIgniter\Session\Handlers\RedisHandler' driver.
INFO - 2024-03-15 16:04:11 --> Session: Class initialized using 'CodeIgniter\Session\Handlers\RedisHandler' driver.
INFO - 2024-03-15 16:04:49 --> Session: Class initialized using 'CodeIgniter\Session\Handlers\RedisHandler' driver.
INFO - 2024-03-15 16:05:21 --> Session: Class initialized using 'CodeIgniter\Session\Handlers\RedisHandler' driver.
INFO - 2024-03-15 16:05:44 --> Session: Class initialized using 'CodeIgniter\Session\Handlers\RedisHandler' driver.
INFO - 2024-03-15 16:05:47 --> Session: Class initialized using 'CodeIgniter\Session\Handlers\RedisHandler' driver.
INFO - 2024-03-15 16:06:19 --> Session: Class initialized using 'CodeIgniter\Session\Handlers\RedisHandler' driver.
INFO - 2024-03-15 16:06:46 --> Session: Class initialized using 'CodeIgniter\Session\Handlers\RedisHandler' driver.
INFO - 2024-03-15 16:06:48 --> Session: Class initialized using 'CodeIgniter\Session\Handlers\RedisHandler' driver.
INFO - 2024-03-15 16:07:39 --> Session: Class initialized using 'CodeIgniter\Session\Handlers\RedisHandler' driver.
INFO - 2024-03-15 16:08:14 --> Session: Class initialized using 'CodeIgniter\Session\Handlers\RedisHandler' driver.
INFO - 2024-03-15 16:08:43 --> Session: Class initialized using 'CodeIgniter\Session\Handlers\RedisHandler' driver.
INFO - 2024-03-15 16:09:16 --> Session: Class initialized using 'CodeIgniter\Session\Handlers\RedisHandler' driver.
INFO - 2024-03-15 16:11:00 --> Session: Class initialized using 'CodeIgniter\Session\Handlers\RedisHandler' driver.
INFO - 2024-03-15 16:11:08 --> Session: Class initialized using 'CodeIgniter\Session\Handlers\RedisHandler' driver.
INFO - 2024-03-15 16:11:32 --> Session: Class initialized using 'CodeIgniter\Session\Handlers\RedisHandler' driver.
INFO - 2024-03-15 16:11:51 --> Session: Class initialized using 'CodeIgniter\Session\Handlers\RedisHandler' driver.
INFO - 2024-03-15 16:13:00 --> Session: Class initialized using 'CodeIgniter\Session\Handlers\RedisHandler' driver.
INFO - 2024-03-15 16:15:01 --> Session: Class initialized using 'CodeIgniter\Session\Handlers\RedisHandler' driver.
INFO - 2024-03-15 16:15:51 --> Session: Class initialized using 'CodeIgniter\Session\Handlers\RedisHandler' driver.
INFO - 2024-03-15 16:16:00 --> Session: Class initialized using 'CodeIgniter\Session\Handlers\RedisHandler' driver.
INFO - 2024-03-15 16:16:01 --> Session: Class initialized using 'CodeIgniter\Session\Handlers\RedisHandler' driver.
INFO - 2024-03-15 16:16:07 --> Session: Class initialized using 'CodeIgniter\Session\Handlers\RedisHandler' driver.
INFO - 2024-03-15 16:16:14 --> Session: Class initialized using 'CodeIgniter\Session\Handlers\RedisHandler' driver.
INFO - 2024-03-15 16:16:14 --> Session: Class initialized using 'CodeIgniter\Session\Handlers\RedisHandler' driver.
INFO - 2024-03-15 16:16:21 --> Session: Class initialized using 'CodeIgniter\Session\Handlers\RedisHandler' driver.
INFO - 2024-03-15 16:16:24 --> Session: Class initialized using 'CodeIgniter\Session\Handlers\RedisHandler' driver.
INFO - 2024-03-15 16:16:24 --> Session: Class initialized using 'CodeIgniter\Session\Handlers\RedisHandler' driver.
INFO - 2024-03-15 16:16:24 --> Session: Class initialized using 'CodeIgniter\Session\Handlers\RedisHandler' driver.
INFO - 2024-03-15 16:16:24 --> Session: Class initialized using 'CodeIgniter\Session\Handlers\RedisHandler' driver.
INFO - 2024-03-15 16:16:24 --> Session: Class initialized using 'CodeIgniter\Session\Handlers\RedisHandler' driver.
INFO - 2024-03-15 16:16:28 --> Session: Class initialized using 'CodeIgniter\Session\Handlers\RedisHandler' driver.
INFO - 2024-03-15 16:16:28 --> Session: Class initialized using 'CodeIgniter\Session\Handlers\RedisHandler' driver.
INFO - 2024-03-15 16:16:31 --> Session: Class initialized using 'CodeIgniter\Session\Handlers\RedisHandler' driver.
INFO - 2024-03-15 16:16:44 --> Session: Class initialized using 'CodeIgniter\Session\Handlers\RedisHandler' driver.
INFO - 2024-03-15 16:17:36 --> Session: Class initialized using 'CodeIgniter\Session\Handlers\RedisHandler' driver.
INFO - 2024-03-15 16:18:06 --> Session: Class initialized using 'CodeIgniter\Session\Handlers\RedisHandler' driver.
INFO - 2024-03-15 16:18:06 --> Session: Class initialized using 'CodeIgniter\Session\Handlers\RedisHandler' driver.
INFO - 2024-03-15 16:18:47 --> Session: Class initialized using 'CodeIgniter\Session\Handlers\RedisHandler' driver.
INFO - 2024-03-15 16:18:47 --> Session: Class initialized using 'CodeIgniter\Session\Handlers\RedisHandler' driver.
INFO - 2024-03-15 16:19:03 --> Session: Class initialized using 'CodeIgniter\Session\Handlers\RedisHandler' driver.
INFO - 2024-03-15 16:19:03 --> Session: Class initialized using 'CodeIgniter\Session\Handlers\RedisHandler' driver.
INFO - 2024-03-15 16:19:11 --> Session: Class initialized using 'CodeIgniter\Session\Handlers\RedisHandler' driver.
INFO - 2024-03-15 16:19:11 --> Session: Class initialized using 'CodeIgniter\Session\Handlers\RedisHandler' driver.
INFO - 2024-03-15 16:20:30 --> Session: Class initialized using 'CodeIgniter\Session\Handlers\RedisHandler' driver.
INFO - 2024-03-15 16:20:30 --> Session: Class initialized using 'CodeIgniter\Session\Handlers\RedisHandler' driver.
INFO - 2024-03-15 16:20:33 --> Session: Class initialized using 'CodeIgniter\Session\Handlers\RedisHandler' driver.
INFO - 2024-03-15 16:21:24 --> Session: Class initialized using 'CodeIgniter\Session\Handlers\RedisHandler' driver.
INFO - 2024-03-15 16:21:27 --> Session: Class initialized using 'CodeIgniter\Session\Handlers\RedisHandler' driver.
INFO - 2024-03-15 16:22:20 --> Session: Class initialized using 'CodeIgniter\Session\Handlers\RedisHandler' driver.
INFO - 2024-03-15 16:22:21 --> Session: Class initialized using 'CodeIgniter\Session\Handlers\RedisHandler' driver.
INFO - 2024-03-15 16:22:22 --> Session: Class initialized using 'CodeIgniter\Session\Handlers\RedisHandler' driver.
INFO - 2024-03-15 16:22:27 --> Session: Class initialized using 'CodeIgniter\Session\Handlers\RedisHandler' driver.
INFO - 2024-03-15 16:22:27 --> Session: Class initialized using 'CodeIgniter\Session\Handlers\RedisHandler' driver.
INFO - 2024-03-15 16:22:27 --> Session: Class initialized using 'CodeIgniter\Session\Handlers\RedisHandler' driver.
INFO - 2024-03-15 16:22:27 --> Session: Class initialized using 'CodeIgniter\Session\Handlers\RedisHandler' driver.
INFO - 2024-03-15 16:22:27 --> Session: Class initialized using 'CodeIgniter\Session\Handlers\RedisHandler' driver.
INFO - 2024-03-15 16:22:29 --> Session: Class initialized using 'CodeIgniter\Session\Handlers\RedisHandler' driver.
INFO - 2024-03-15 16:22:29 --> Session: Class initialized using 'CodeIgniter\Session\Handlers\RedisHandler' driver.
INFO - 2024-03-15 16:25:36 --> Session: Class initialized using 'CodeIgniter\Session\Handlers\RedisHandler' driver.
INFO - 2024-03-15 16:25:36 --> Session: Class initialized using 'CodeIgniter\Session\Handlers\RedisHandler' driver.
INFO - 2024-03-15 16:25:39 --> Session: Class initialized using 'CodeIgniter\Session\Handlers\RedisHandler' driver.
INFO - 2024-03-15 16:25:39 --> Session: Class initialized using 'CodeIgniter\Session\Handlers\RedisHandler' driver.
INFO - 2024-03-15 16:26:03 --> Session: Class initialized using 'CodeIgniter\Session\Handlers\RedisHandler' driver.
INFO - 2024-03-15 16:26:03 --> Session: Class initialized using 'CodeIgniter\Session\Handlers\RedisHandler' driver.
INFO - 2024-03-15 16:26:04 --> Session: Class initialized using 'CodeIgniter\Session\Handlers\RedisHandler' driver.
INFO - 2024-03-15 16:26:04 --> Session: Class initialized using 'CodeIgniter\Session\Handlers\RedisHandler' driver.
INFO - 2024-03-15 16:26:15 --> Session: Class initialized using 'CodeIgniter\Session\Handlers\RedisHandler' driver.
INFO - 2024-03-15 16:26:15 --> Session: Class initialized using 'CodeIgniter\Session\Handlers\RedisHandler' driver.
INFO - 2024-03-15 16:26:26 --> Session: Class initialized using 'CodeIgniter\Session\Handlers\RedisHandler' driver.
INFO - 2024-03-15 16:26:26 --> Session: Class initialized using 'CodeIgniter\Session\Handlers\RedisHandler' driver.
INFO - 2024-03-15 16:26:38 --> Session: Class initialized using 'CodeIgniter\Session\Handlers\RedisHandler' driver.
INFO - 2024-03-15 16:26:38 --> Session: Class initialized using 'CodeIgniter\Session\Handlers\RedisHandler' driver.
INFO - 2024-03-15 16:27:37 --> Session: Class initialized using 'CodeIgniter\Session\Handlers\RedisHandler' driver.
INFO - 2024-03-15 16:27:37 --> Session: Class initialized using 'CodeIgniter\Session\Handlers\RedisHandler' driver.
INFO - 2024-03-15 16:27:52 --> Session: Class initialized using 'CodeIgniter\Session\Handlers\RedisHandler' driver.
INFO - 2024-03-15 16:27:53 --> Session: Class initialized using 'CodeIgniter\Session\Handlers\RedisHandler' driver.
INFO - 2024-03-15 16:28:28 --> Session: Class initialized using 'CodeIgniter\Session\Handlers\RedisHandler' driver.
INFO - 2024-03-15 16:28:28 --> Session: Class initialized using 'CodeIgniter\Session\Handlers\RedisHandler' driver.
INFO - 2024-03-15 16:28:36 --> Session: Class initialized using 'CodeIgniter\Session\Handlers\RedisHandler' driver.
INFO - 2024-03-15 16:28:36 --> Session: Class initialized using 'CodeIgniter\Session\Handlers\RedisHandler' driver.
INFO - 2024-03-15 16:28:47 --> Session: Class initialized using 'CodeIgniter\Session\Handlers\RedisHandler' driver.
INFO - 2024-03-15 16:28:47 --> Session: Class initialized using 'CodeIgniter\Session\Handlers\RedisHandler' driver.
INFO - 2024-03-15 16:29:23 --> Session: Class initialized using 'CodeIgniter\Session\Handlers\RedisHandler' driver.
INFO - 2024-03-15 16:29:23 --> Session: Class initialized using 'CodeIgniter\Session\Handlers\RedisHandler' driver.
INFO - 2024-03-15 16:29:28 --> Session: Class initialized using 'CodeIgniter\Session\Handlers\RedisHandler' driver.
INFO - 2024-03-15 16:29:28 --> Session: Class initialized using 'CodeIgniter\Session\Handlers\RedisHandler' driver.
INFO - 2024-03-15 16:29:36 --> Session: Class initialized using 'CodeIgniter\Session\Handlers\RedisHandler' driver.
INFO - 2024-03-15 16:29:36 --> Session: Class initialized using 'CodeIgniter\Session\Handlers\RedisHandler' driver.
INFO - 2024-03-15 16:30:10 --> Session: Class initialized using 'CodeIgniter\Session\Handlers\RedisHandler' driver.
INFO - 2024-03-15 16:30:10 --> Session: Class initialized using 'CodeIgniter\Session\Handlers\RedisHandler' driver.
INFO - 2024-03-15 16:30:34 --> Session: Class initialized using 'CodeIgniter\Session\Handlers\RedisHandler' driver.
INFO - 2024-03-15 16:30:34 --> Session: Class initialized using 'CodeIgniter\Session\Handlers\RedisHandler' driver.
INFO - 2024-03-15 16:30:41 --> Session: Class initialized using 'CodeIgniter\Session\Handlers\RedisHandler' driver.
INFO - 2024-03-15 16:30:41 --> Session: Class initialized using 'CodeIgniter\Session\Handlers\RedisHandler' driver.
INFO - 2024-03-15 16:31:38 --> Session: Class initialized using 'CodeIgniter\Session\Handlers\RedisHandler' driver.
INFO - 2024-03-15 16:31:38 --> Session: Class initialized using 'CodeIgniter\Session\Handlers\RedisHandler' driver.
INFO - 2024-03-15 16:31:56 --> Session: Class initialized using 'CodeIgniter\Session\Handlers\RedisHandler' driver.
INFO - 2024-03-15 16:31:57 --> Session: Class initialized using 'CodeIgniter\Session\Handlers\RedisHandler' driver.
INFO - 2024-03-15 16:31:57 --> Session: Class initialized using 'CodeIgniter\Session\Handlers\RedisHandler' driver.
INFO - 2024-03-15 16:31:57 --> Session: Class initialized using 'CodeIgniter\Session\Handlers\RedisHandler' driver.
INFO - 2024-03-15 16:32:12 --> Session: Class initialized using 'CodeIgniter\Session\Handlers\RedisHandler' driver.
INFO - 2024-03-15 16:32:13 --> Session: Class initialized using 'CodeIgniter\Session\Handlers\RedisHandler' driver.
INFO - 2024-03-15 16:32:34 --> Session: Class initialized using 'CodeIgniter\Session\Handlers\RedisHandler' driver.
INFO - 2024-03-15 16:32:34 --> Session: Class initialized using 'CodeIgniter\Session\Handlers\RedisHandler' driver.
INFO - 2024-03-15 16:33:02 --> Session: Class initialized using 'CodeIgniter\Session\Handlers\RedisHandler' driver.
INFO - 2024-03-15 16:33:03 --> Session: Class initialized using 'CodeIgniter\Session\Handlers\RedisHandler' driver.
INFO - 2024-03-15 16:33:30 --> Session: Class initialized using 'CodeIgniter\Session\Handlers\RedisHandler' driver.
INFO - 2024-03-15 16:34:03 --> Session: Class initialized using 'CodeIgniter\Session\Handlers\RedisHandler' driver.
INFO - 2024-03-15 16:34:03 --> Session: Class initialized using 'CodeIgniter\Session\Handlers\RedisHandler' driver.
INFO - 2024-03-15 16:34:22 --> Session: Class initialized using 'CodeIgniter\Session\Handlers\RedisHandler' driver.
INFO - 2024-03-15 16:34:36 --> Session: Class initialized using 'CodeIgniter\Session\Handlers\RedisHandler' driver.
INFO - 2024-03-15 16:34:36 --> Session: Class initialized using 'CodeIgniter\Session\Handlers\RedisHandler' driver.
INFO - 2024-03-15 16:34:47 --> Session: Class initialized using 'CodeIgniter\Session\Handlers\RedisHandler' driver.
INFO - 2024-03-15 16:34:47 --> Session: Class initialized using 'CodeIgniter\Session\Handlers\RedisHandler' driver.
INFO - 2024-03-15 16:34:50 --> Session: Class initialized using 'CodeIgniter\Session\Handlers\RedisHandler' driver.
INFO - 2024-03-15 16:34:50 --> Session: Class initialized using 'CodeIgniter\Session\Handlers\RedisHandler' driver.
INFO - 2024-03-15 16:35:00 --> Session: Class initialized using 'CodeIgniter\Session\Handlers\RedisHandler' driver.
INFO - 2024-03-15 16:35:01 --> Session: Class initialized using 'CodeIgniter\Session\Handlers\RedisHandler' driver.
INFO - 2024-03-15 16:35:29 --> Session: Class initialized using 'CodeIgniter\Session\Handlers\RedisHandler' driver.
INFO - 2024-03-15 16:35:30 --> Session: Class initialized using 'CodeIgniter\Session\Handlers\RedisHandler' driver.
INFO - 2024-03-15 16:36:09 --> Session: Class initialized using 'CodeIgniter\Session\Handlers\RedisHandler' driver.
INFO - 2024-03-15 16:36:09 --> Session: Class initialized using 'CodeIgniter\Session\Handlers\RedisHandler' driver.
INFO - 2024-03-15 16:36:15 --> Session: Class initialized using 'CodeIgniter\Session\Handlers\RedisHandler' driver.
INFO - 2024-03-15 16:36:15 --> Session: Class initialized using 'CodeIgniter\Session\Handlers\RedisHandler' driver.
INFO - 2024-03-15 16:36:27 --> Session: Class initialized using 'CodeIgniter\Session\Handlers\RedisHandler' driver.
INFO - 2024-03-15 16:36:28 --> Session: Class initialized using 'CodeIgniter\Session\Handlers\RedisHandler' driver.
INFO - 2024-03-15 16:36:37 --> Session: Class initialized using 'CodeIgniter\Session\Handlers\RedisHandler' driver.
INFO - 2024-03-15 16:36:38 --> Session: Class initialized using 'CodeIgniter\Session\Handlers\RedisHandler' driver.
INFO - 2024-03-15 16:37:13 --> Session: Class initialized using 'CodeIgniter\Session\Handlers\RedisHandler' driver.
INFO - 2024-03-15 16:37:13 --> Session: Class initialized using 'CodeIgniter\Session\Handlers\RedisHandler' driver.
INFO - 2024-03-15 16:37:43 --> Session: Class initialized using 'CodeIgniter\Session\Handlers\RedisHandler' driver.
INFO - 2024-03-15 16:37:45 --> Session: Class initialized using 'CodeIgniter\Session\Handlers\RedisHandler' driver.
INFO - 2024-03-15 16:37:57 --> Session: Class initialized using 'CodeIgniter\Session\Handlers\RedisHandler' driver.
INFO - 2024-03-15 16:37:57 --> Session: Class initialized using 'CodeIgniter\Session\Handlers\RedisHandler' driver.
INFO - 2024-03-15 16:38:08 --> Session: Class initialized using 'CodeIgniter\Session\Handlers\RedisHandler' driver.
INFO - 2024-03-15 16:38:08 --> Session: Class initialized using 'CodeIgniter\Session\Handlers\RedisHandler' driver.
INFO - 2024-03-15 16:38:13 --> Session: Class initialized using 'CodeIgniter\Session\Handlers\RedisHandler' driver.
INFO - 2024-03-15 16:38:13 --> Session: Class initialized using 'CodeIgniter\Session\Handlers\RedisHandler' driver.
INFO - 2024-03-15 16:38:22 --> Session: Class initialized using 'CodeIgniter\Session\Handlers\RedisHandler' driver.
INFO - 2024-03-15 16:38:22 --> Session: Class initialized using 'CodeIgniter\Session\Handlers\RedisHandler' driver.
INFO - 2024-03-15 16:38:33 --> Session: Class initialized using 'CodeIgniter\Session\Handlers\RedisHandler' driver.
INFO - 2024-03-15 16:38:33 --> Session: Class initialized using 'CodeIgniter\Session\Handlers\RedisHandler' driver.
INFO - 2024-03-15 16:38:41 --> Session: Class initialized using 'CodeIgniter\Session\Handlers\RedisHandler' driver.
INFO - 2024-03-15 16:38:41 --> Session: Class initialized using 'CodeIgniter\Session\Handlers\RedisHandler' driver.
INFO - 2024-03-15 16:38:44 --> Session: Class initialized using 'CodeIgniter\Session\Handlers\RedisHandler' driver.
INFO - 2024-03-15 16:38:44 --> Session: Class initialized using 'CodeIgniter\Session\Handlers\RedisHandler' driver.
INFO - 2024-03-15 16:39:21 --> Session: Class initialized using 'CodeIgniter\Session\Handlers\RedisHandler' driver.
INFO - 2024-03-15 16:40:11 --> Session: Class initialized using 'CodeIgniter\Session\Handlers\RedisHandler' driver.
INFO - 2024-03-15 16:40:36 --> Session: Class initialized using 'CodeIgniter\Session\Handlers\RedisHandler' driver.
INFO - 2024-03-15 16:40:37 --> Session: Class initialized using 'CodeIgniter\Session\Handlers\RedisHandler' driver.
INFO - 2024-03-15 16:40:58 --> Session: Class initialized using 'CodeIgniter\Session\Handlers\RedisHandler' driver.
INFO - 2024-03-15 16:40:58 --> Session: Class initialized using 'CodeIgniter\Session\Handlers\RedisHandler' driver.
INFO - 2024-03-15 16:41:57 --> Session: Class initialized using 'CodeIgniter\Session\Handlers\RedisHandler' driver.
INFO - 2024-03-15 16:44:51 --> Session: Class initialized using 'CodeIgniter\Session\Handlers\RedisHandler' driver.
INFO - 2024-03-15 16:44:51 --> Session: Class initialized using 'CodeIgniter\Session\Handlers\RedisHandler' driver.
INFO - 2024-03-15 16:44:58 --> Session: Class initialized using 'CodeIgniter\Session\Handlers\RedisHandler' driver.
INFO - 2024-03-15 16:46:04 --> Session: Class initialized using 'CodeIgniter\Session\Handlers\RedisHandler' driver.
INFO - 2024-03-15 16:46:04 --> Session: Class initialized using 'CodeIgniter\Session\Handlers\RedisHandler' driver.
INFO - 2024-03-15 16:47:52 --> Session: Class initialized using 'CodeIgniter\Session\Handlers\RedisHandler' driver.
INFO - 2024-03-15 16:47:52 --> Session: Class initialized using 'CodeIgniter\Session\Handlers\RedisHandler' driver.
INFO - 2024-03-15 16:47:58 --> Session: Class initialized using 'CodeIgniter\Session\Handlers\RedisHandler' driver.
INFO - 2024-03-15 16:47:58 --> Session: Class initialized using 'CodeIgniter\Session\Handlers\RedisHandler' driver.
INFO - 2024-03-15 16:48:37 --> Session: Class initialized using 'CodeIgniter\Session\Handlers\RedisHandler' driver.
INFO - 2024-03-15 16:48:37 --> Session: Class initialized using 'CodeIgniter\Session\Handlers\RedisHandler' driver.
INFO - 2024-03-15 16:48:38 --> Session: Class initialized using 'CodeIgniter\Session\Handlers\RedisHandler' driver.
INFO - 2024-03-15 16:48:38 --> Session: Class initialized using 'CodeIgniter\Session\Handlers\RedisHandler' driver.
INFO - 2024-03-15 16:48:38 --> Session: Class initialized using 'CodeIgniter\Session\Handlers\RedisHandler' driver.
INFO - 2024-03-15 16:48:38 --> Session: Class initialized using 'CodeIgniter\Session\Handlers\RedisHandler' driver.
INFO - 2024-03-15 16:48:43 --> Session: Class initialized using 'CodeIgniter\Session\Handlers\RedisHandler' driver.
INFO - 2024-03-15 16:48:43 --> Session: Class initialized using 'CodeIgniter\Session\Handlers\RedisHandler' driver.
INFO - 2024-03-15 16:48:43 --> Session: Class initialized using 'CodeIgniter\Session\Handlers\RedisHandler' driver.
INFO - 2024-03-15 16:48:43 --> Session: Class initialized using 'CodeIgniter\Session\Handlers\RedisHandler' driver.
INFO - 2024-03-15 16:48:43 --> Session: Class initialized using 'CodeIgniter\Session\Handlers\RedisHandler' driver.
INFO - 2024-03-15 16:48:49 --> Session: Class initialized using 'CodeIgniter\Session\Handlers\RedisHandler' driver.
INFO - 2024-03-15 16:48:49 --> Session: Class initialized using 'CodeIgniter\Session\Handlers\RedisHandler' driver.
INFO - 2024-03-15 16:48:51 --> Session: Class initialized using 'CodeIgniter\Session\Handlers\RedisHandler' driver.
INFO - 2024-03-15 16:48:51 --> Session: Class initialized using 'CodeIgniter\Session\Handlers\RedisHandler' driver.
INFO - 2024-03-15 16:48:59 --> Session: Class initialized using 'CodeIgniter\Session\Handlers\RedisHandler' driver.
INFO - 2024-03-15 16:49:00 --> Session: Class initialized using 'CodeIgniter\Session\Handlers\RedisHandler' driver.
INFO - 2024-03-15 16:49:01 --> Session: Class initialized using 'CodeIgniter\Session\Handlers\RedisHandler' driver.
INFO - 2024-03-15 16:49:01 --> Session: Class initialized using 'CodeIgniter\Session\Handlers\RedisHandler' driver.
INFO - 2024-03-15 16:49:01 --> Session: Class initialized using 'CodeIgniter\Session\Handlers\RedisHandler' driver.
INFO - 2024-03-15 16:49:01 --> Session: Class initialized using 'CodeIgniter\Session\Handlers\RedisHandler' driver.
INFO - 2024-03-15 16:49:01 --> Session: Class initialized using 'CodeIgniter\Session\Handlers\RedisHandler' driver.
INFO - 2024-03-15 16:49:03 --> Session: Class initialized using 'CodeIgniter\Session\Handlers\RedisHandler' driver.
INFO - 2024-03-15 16:49:21 --> Session: Class initialized using 'CodeIgniter\Session\Handlers\RedisHandler' driver.
INFO - 2024-03-15 16:49:36 --> Session: Class initialized using 'CodeIgniter\Session\Handlers\RedisHandler' driver.
INFO - 2024-03-15 16:49:44 --> Session: Class initialized using 'CodeIgniter\Session\Handlers\RedisHandler' driver.
INFO - 2024-03-15 16:50:14 --> Session: Class initialized using 'CodeIgniter\Session\Handlers\RedisHandler' driver.
INFO - 2024-03-15 16:51:02 --> Session: Class initialized using 'CodeIgniter\Session\Handlers\RedisHandler' driver.
INFO - 2024-03-15 16:51:52 --> Session: Class initialized using 'CodeIgniter\Session\Handlers\RedisHandler' driver.
INFO - 2024-03-15 16:52:28 --> Session: Class initialized using 'CodeIgniter\Session\Handlers\RedisHandler' driver.
INFO - 2024-03-15 16:52:57 --> Session: Class initialized using 'CodeIgniter\Session\Handlers\RedisHandler' driver.
INFO - 2024-03-15 16:53:27 --> Session: Class initialized using 'CodeIgniter\Session\Handlers\RedisHandler' driver.
INFO - 2024-03-15 16:54:29 --> Session: Class initialized using 'CodeIgniter\Session\Handlers\RedisHandler' driver.
INFO - 2024-03-15 16:54:49 --> Session: Class initialized using 'CodeIgniter\Session\Handlers\RedisHandler' driver.
INFO - 2024-03-15 16:55:26 --> Session: Class initialized using 'CodeIgniter\Session\Handlers\RedisHandler' driver.
INFO - 2024-03-15 16:56:05 --> Session: Class initialized using 'CodeIgniter\Session\Handlers\RedisHandler' driver.
INFO - 2024-03-15 16:56:09 --> Session: Class initialized using 'CodeIgniter\Session\Handlers\RedisHandler' driver.
INFO - 2024-03-15 16:56:15 --> Session: Class initialized using 'CodeIgniter\Session\Handlers\RedisHandler' driver.
INFO - 2024-03-15 16:56:26 --> Session: Class initialized using 'CodeIgniter\Session\Handlers\RedisHandler' driver.
INFO - 2024-03-15 16:56:47 --> Session: Class initialized using 'CodeIgniter\Session\Handlers\RedisHandler' driver.
INFO - 2024-03-15 16:57:01 --> Session: Class initialized using 'CodeIgniter\Session\Handlers\RedisHandler' driver.
INFO - 2024-03-15 16:57:33 --> Session: Class initialized using 'CodeIgniter\Session\Handlers\RedisHandler' driver.
INFO - 2024-03-15 16:57:46 --> Session: Class initialized using 'CodeIgniter\Session\Handlers\RedisHandler' driver.
INFO - 2024-03-15 16:58:00 --> Session: Class initialized using 'CodeIgniter\Session\Handlers\RedisHandler' driver.
INFO - 2024-03-15 16:58:35 --> Session: Class initialized using 'CodeIgniter\Session\Handlers\RedisHandler' driver.
INFO - 2024-03-15 16:59:00 --> Session: Class initialized using 'CodeIgniter\Session\Handlers\RedisHandler' driver.
INFO - 2024-03-15 16:59:18 --> Session: Class initialized using 'CodeIgniter\Session\Handlers\RedisHandler' driver.
INFO - 2024-03-15 16:59:30 --> Session: Class initialized using 'CodeIgniter\Session\Handlers\RedisHandler' driver.
INFO - 2024-03-15 16:59:37 --> Session: Class initialized using 'CodeIgniter\Session\Handlers\RedisHandler' driver.
INFO - 2024-03-15 16:59:56 --> Session: Class initialized using 'CodeIgniter\Session\Handlers\RedisHandler' driver.
INFO - 2024-03-15 17:00:02 --> Session: Class initialized using 'CodeIgniter\Session\Handlers\RedisHandler' driver.
INFO - 2024-03-15 17:00:08 --> Session: Class initialized using 'CodeIgniter\Session\Handlers\RedisHandler' driver.
INFO - 2024-03-15 17:00:08 --> Session: Class initialized using 'CodeIgniter\Session\Handlers\RedisHandler' driver.
INFO - 2024-03-15 17:00:08 --> Session: Class initialized using 'CodeIgniter\Session\Handlers\RedisHandler' driver.
INFO - 2024-03-15 17:00:08 --> Session: Class initialized using 'CodeIgniter\Session\Handlers\RedisHandler' driver.
INFO - 2024-03-15 17:00:08 --> Session: Class initialized using 'CodeIgniter\Session\Handlers\RedisHandler' driver.
INFO - 2024-03-15 17:00:14 --> Session: Class initialized using 'CodeIgniter\Session\Handlers\RedisHandler' driver.
INFO - 2024-03-15 17:00:44 --> Session: Class initialized using 'CodeIgniter\Session\Handlers\RedisHandler' driver.
INFO - 2024-03-15 17:01:22 --> Session: Class initialized using 'CodeIgniter\Session\Handlers\RedisHandler' driver.
INFO - 2024-03-15 17:01:59 --> Session: Class initialized using 'CodeIgniter\Session\Handlers\RedisHandler' driver.
INFO - 2024-03-15 17:03:09 --> Session: Class initialized using 'CodeIgniter\Session\Handlers\RedisHandler' driver.
